2023-08-08 11:40:54.281 +0530 [debug] ([34mconfigs.js[0m) [31mloaded default configs as "{"updates":{"manifest_url":"https://ssdk.surveysparrow.dev/assets/ssdk/updates.json","period":24},"log":{"level":"info"},"javascript":{"ecma_version":2020},"request":{"timeout":5000}}"[0m
2023-08-08 11:40:54.282 +0530 [debug] ([34mfile.js[0m) [31mError while requiring /Users/ayeshakulsumsj/.ssdk/configs.json: Cannot find module '/Users/ayeshakulsumsj/.ssdk/configs.json'
Require stack:
- /Users/ayeshakulsumsj/Documents/project/marketplace/ssdk/lib/utils/file.js
- /Users/ayeshakulsumsj/Documents/project/marketplace/ssdk/lib/configs.js
- /Users/ayeshakulsumsj/Documents/project/marketplace/ssdk/lib/logger.js
- /Users/ayeshakulsumsj/Documents/project/marketplace/ssdk/index.js[0m
2023-08-08 11:40:54.282 +0530 [debug] ([34mconfigs.js[0m) [31mloaded global configs as "{}"[0m
2023-08-08 11:40:54.282 +0530 [debug] ([34mfile.js[0m) [31mError while requiring /Users/ayeshakulsumsj/Documents/project/marketplace/mp-apps/Untitled/surveysparrow-marketplace-apps/tutorials-apps/schedule-app/.ssdk/configs.json: Cannot find module '/Users/ayeshakulsumsj/Documents/project/marketplace/mp-apps/Untitled/surveysparrow-marketplace-apps/tutorials-apps/schedule-app/.ssdk/configs.json'
Require stack:
- /Users/ayeshakulsumsj/Documents/project/marketplace/ssdk/lib/utils/file.js
- /Users/ayeshakulsumsj/Documents/project/marketplace/ssdk/lib/configs.js
- /Users/ayeshakulsumsj/Documents/project/marketplace/ssdk/lib/logger.js
- /Users/ayeshakulsumsj/Documents/project/marketplace/ssdk/index.js[0m
2023-08-08 11:40:54.282 +0530 [debug] ([34mconfigs.js[0m) [31mloaded local configs as "{}"[0m
2023-08-08 11:40:54.282 +0530 [debug] ([34mconfigs.js[0m) [31mloaded env configs as "{"updates":{},"log":{},"javascript":{},"request":{"timeout":5000}}"[0m
2023-08-08 11:40:54.283 +0530 [debug] ([34mconfigs.js[0m) [31mloaded resolved configs as "{"updates":{"manifest_url":"https://ssdk.surveysparrow.dev/assets/ssdk/updates.json","period":24},"log":{"level":"info"},"javascript":{"ecma_version":2020},"request":{"timeout":5000}}"[0m
2023-08-08 11:40:54.283 +0530 [debug] ([34mlogger.js[0m) [31mStarting SSDK in node v18.16.0 on darwin[0m
2023-08-08 11:40:54.283 +0530 [debug] ([34msequelize.js[0m) [31msetting up sqilite at "/Users/ayeshakulsumsj/Documents/project/marketplace/mp-apps/Untitled/surveysparrow-marketplace-apps/tutorials-apps/schedule-app/.ssdk/store.sqlite"[0m
2023-08-08 11:40:54.283 +0530 [debug] ([34mdata.js[0m) [31mRead {"version_details":{"cli":{"deprecated":{"version":"<-0.1.0","message":"This SSDK version will be deprecated by Dec 31, 2023 There will be no further feature updates to this version. For a seamless app building experience, ensure to move to the latest SSDK version. For more information, see https://surveysparrow.dev/ssdk."},"forced":{"version":"0.1.1","command":"npm install https://ssdk.surveysparrow.dev/ssdk.tgz -g","message":"Your SSDK version has been forced updated to v1.3.0, please visit https://surveysparrow.dev/ssdk to know more"},"latest":{"version":"0.1.1","command":"npm install https://ssdk.surveysparrow.dev/ssdk.tgz -g","message":"You are on the latest SSDK version. For information on the features available as part of this SSDK version, see https://surveysparrow.dev/ssdk."}},"addon":{"version":"1.13.1","url":"https://ssdk.surveysparrow.dev/addons/addon.zip"}},"last_updated":{"time_stamp":1691413629835}}[0m
2023-08-08 11:40:54.283 +0530 [debug] ([34mupdater.js[0m) [31mlast check less than 24 hours ago, not looking for updates[0m
2023-08-08 11:40:54.285 +0530 [debug] ([34mindex.js[0m) [31mrunning with opts {}[0m
2023-08-08 11:40:54.291 +0530 [debug] ([34mdata.js[0m) [31mRead {"version_details":{"cli":{"deprecated":{"version":"<-0.1.0","message":"This SSDK version will be deprecated by Dec 31, 2023 There will be no further feature updates to this version. For a seamless app building experience, ensure to move to the latest SSDK version. For more information, see https://surveysparrow.dev/ssdk."},"forced":{"version":"0.1.1","command":"npm install https://ssdk.surveysparrow.dev/ssdk.tgz -g","message":"Your SSDK version has been forced updated to v1.3.0, please visit https://surveysparrow.dev/ssdk to know more"},"latest":{"version":"0.1.1","command":"npm install https://ssdk.surveysparrow.dev/ssdk.tgz -g","message":"You are on the latest SSDK version. For information on the features available as part of this SSDK version, see https://surveysparrow.dev/ssdk."}},"addon":{"version":"1.13.1","url":"https://ssdk.surveysparrow.dev/addons/addon.zip"}},"last_updated":{"time_stamp":1691413629835}}[0m
2023-08-08 11:40:54.293 +0530 [debug] ([34mcreate.js[0m) [31m'init' called with /Users/ayeshakulsumsj/Documents/project/marketplace/mp-apps/Untitled/surveysparrow-marketplace-apps/tutorials-apps/schedule-app, undefined, undefined[0m
2023-08-08 11:40:57.660 +0530 [debug] ([34mcreate.js[0m) [31mInitializing template "your_first_serverless_app" with product "surveysparrow".[0m
2023-08-08 11:40:57.669 +0530 [info] A new Surveysparrow app was successfully created from template "your_first_serverless_app" with the following files.

2023-08-08 11:42:10.544 +0530 [debug] ([34mconfigs.js[0m) [31mloaded default configs as "{"updates":{"manifest_url":"https://ssdk.surveysparrow.dev/assets/ssdk/updates.json","period":24},"log":{"level":"info"},"javascript":{"ecma_version":2020},"request":{"timeout":5000}}"[0m
2023-08-08 11:42:10.545 +0530 [debug] ([34mfile.js[0m) [31mError while requiring /Users/ayeshakulsumsj/.ssdk/configs.json: Cannot find module '/Users/ayeshakulsumsj/.ssdk/configs.json'
Require stack:
- /Users/ayeshakulsumsj/Documents/project/marketplace/ssdk/lib/utils/file.js
- /Users/ayeshakulsumsj/Documents/project/marketplace/ssdk/lib/configs.js
- /Users/ayeshakulsumsj/Documents/project/marketplace/ssdk/lib/logger.js
- /Users/ayeshakulsumsj/Documents/project/marketplace/ssdk/index.js[0m
2023-08-08 11:42:10.545 +0530 [debug] ([34mconfigs.js[0m) [31mloaded global configs as "{}"[0m
2023-08-08 11:42:10.545 +0530 [debug] ([34mfile.js[0m) [31mError while requiring /Users/ayeshakulsumsj/Documents/project/marketplace/mp-apps/Untitled/surveysparrow-marketplace-apps/tutorials-apps/schedule-app/.ssdk/configs.json: Cannot find module '/Users/ayeshakulsumsj/Documents/project/marketplace/mp-apps/Untitled/surveysparrow-marketplace-apps/tutorials-apps/schedule-app/.ssdk/configs.json'
Require stack:
- /Users/ayeshakulsumsj/Documents/project/marketplace/ssdk/lib/utils/file.js
- /Users/ayeshakulsumsj/Documents/project/marketplace/ssdk/lib/configs.js
- /Users/ayeshakulsumsj/Documents/project/marketplace/ssdk/lib/logger.js
- /Users/ayeshakulsumsj/Documents/project/marketplace/ssdk/index.js[0m
2023-08-08 11:42:10.545 +0530 [debug] ([34mconfigs.js[0m) [31mloaded local configs as "{}"[0m
2023-08-08 11:42:10.545 +0530 [debug] ([34mconfigs.js[0m) [31mloaded env configs as "{"updates":{},"log":{},"javascript":{},"request":{"timeout":5000}}"[0m
2023-08-08 11:42:10.545 +0530 [debug] ([34mconfigs.js[0m) [31mloaded resolved configs as "{"updates":{"manifest_url":"https://ssdk.surveysparrow.dev/assets/ssdk/updates.json","period":24},"log":{"level":"info"},"javascript":{"ecma_version":2020},"request":{"timeout":5000}}"[0m
2023-08-08 11:42:10.545 +0530 [debug] ([34mlogger.js[0m) [31mStarting SSDK in node v18.16.0 on darwin[0m
2023-08-08 11:42:10.545 +0530 [debug] ([34msequelize.js[0m) [31msetting up sqilite at "/Users/ayeshakulsumsj/Documents/project/marketplace/mp-apps/Untitled/surveysparrow-marketplace-apps/tutorials-apps/schedule-app/.ssdk/store.sqlite"[0m
2023-08-08 11:42:10.545 +0530 [debug] ([34mdata.js[0m) [31mRead {"version_details":{"cli":{"deprecated":{"version":"<-0.1.0","message":"This SSDK version will be deprecated by Dec 31, 2023 There will be no further feature updates to this version. For a seamless app building experience, ensure to move to the latest SSDK version. For more information, see https://surveysparrow.dev/ssdk."},"forced":{"version":"0.1.1","command":"npm install https://ssdk.surveysparrow.dev/ssdk.tgz -g","message":"Your SSDK version has been forced updated to v1.3.0, please visit https://surveysparrow.dev/ssdk to know more"},"latest":{"version":"0.1.1","command":"npm install https://ssdk.surveysparrow.dev/ssdk.tgz -g","message":"You are on the latest SSDK version. For information on the features available as part of this SSDK version, see https://surveysparrow.dev/ssdk."}},"addon":{"version":"1.13.1","url":"https://ssdk.surveysparrow.dev/addons/addon.zip"}},"last_updated":{"time_stamp":1691413629835}}[0m
2023-08-08 11:42:10.545 +0530 [debug] ([34mupdater.js[0m) [31mlast check less than 24 hours ago, not looking for updates[0m
2023-08-08 11:42:10.547 +0530 [debug] ([34mindex.js[0m) [31mrunning with opts {}[0m
2023-08-08 11:42:10.632 +0530 [debug] ([34mmanifest.js[0m) [31mReloading manifest with {"platform-version":"1.0","product":{"surveysparrow":{"events":{"onScheduledEvent":{"handler":"onScheduledEvent"}},"functions":{"fetchSchedule":{"timeout":5},"updateSchedule":{"timeout":5},"deleteSchedule":{"timeout":5},"createSchedule":{"timeout":5},"pauseSchedule":{"timeout":5},"resumeSchedule":{"timeout":5}}}},"whitelisted-domains":[],"engines":{"node":"18.16.0","ssdk":"0.1.1"}}.[0m
2023-08-08 11:42:10.632 +0530 [debug] ([34mmanifest.js[0m) [31mInferred storage,backend as features.[0m
2023-08-08 11:42:10.633 +0530 [debug] ([34mdata.js[0m) [31mRead {"version_details":{"cli":{"deprecated":{"version":"<-0.1.0","message":"This SSDK version will be deprecated by Dec 31, 2023 There will be no further feature updates to this version. For a seamless app building experience, ensure to move to the latest SSDK version. For more information, see https://surveysparrow.dev/ssdk."},"forced":{"version":"0.1.1","command":"npm install https://ssdk.surveysparrow.dev/ssdk.tgz -g","message":"Your SSDK version has been forced updated to v1.3.0, please visit https://surveysparrow.dev/ssdk to know more"},"latest":{"version":"0.1.1","command":"npm install https://ssdk.surveysparrow.dev/ssdk.tgz -g","message":"You are on the latest SSDK version. For information on the features available as part of this SSDK version, see https://surveysparrow.dev/ssdk."}},"addon":{"version":"1.13.1","url":"https://ssdk.surveysparrow.dev/addons/addon.zip"}},"last_updated":{"time_stamp":1691413629835}}[0m
2023-08-08 11:42:10.641 +0530 [debug] ([34mdata.js[0m) [31mRead {"version_details":{"cli":{"deprecated":{"version":"<-0.1.0","message":"This SSDK version will be deprecated by Dec 31, 2023 There will be no further feature updates to this version. For a seamless app building experience, ensure to move to the latest SSDK version. For more information, see https://surveysparrow.dev/ssdk."},"forced":{"version":"0.1.1","command":"npm install https://ssdk.surveysparrow.dev/ssdk.tgz -g","message":"Your SSDK version has been forced updated to v1.3.0, please visit https://surveysparrow.dev/ssdk to know more"},"latest":{"version":"0.1.1","command":"npm install https://ssdk.surveysparrow.dev/ssdk.tgz -g","message":"You are on the latest SSDK version. For information on the features available as part of this SSDK version, see https://surveysparrow.dev/ssdk."}},"addon":{"version":"1.13.1","url":"https://ssdk.surveysparrow.dev/addons/addon.zip"}},"last_updated":{"time_stamp":1691413629835}}[0m
2023-08-08 11:42:11.088 +0530 [debug] ([34mdata.js[0m) [31mRead {"version_details":{"cli":{"deprecated":{"version":"<-0.1.0","message":"This SSDK version will be deprecated by Dec 31, 2023 There will be no further feature updates to this version. For a seamless app building experience, ensure to move to the latest SSDK version. For more information, see https://surveysparrow.dev/ssdk."},"forced":{"version":"0.1.1","command":"npm install https://ssdk.surveysparrow.dev/ssdk.tgz -g","message":"Your SSDK version has been forced updated to v1.3.0, please visit https://surveysparrow.dev/ssdk to know more"},"latest":{"version":"0.1.1","command":"npm install https://ssdk.surveysparrow.dev/ssdk.tgz -g","message":"You are on the latest SSDK version. For information on the features available as part of this SSDK version, see https://surveysparrow.dev/ssdk."}},"addon":{"version":"1.13.1","url":"https://ssdk.surveysparrow.dev/addons/addon.zip"}},"last_updated":{"time_stamp":1691413629835}}[0m
2023-08-08 11:42:11.433 +0530 [debug] ([34mvalidate.js[0m) [31masked to skip the following validations, [0m
2023-08-08 11:42:11.434 +0530 [debug] ([34mvalidate.js[0m) [31mrunning validator actions[0m
2023-08-08 11:42:11.434 +0530 [debug] ([34mvalidate.js[0m) [31mrunning validator requests[0m
2023-08-08 11:42:11.434 +0530 [debug] ([34mvalidate.js[0m) [31mrunning validator app-dir[0m
2023-08-08 11:42:11.434 +0530 [debug] ([34mvalidate.js[0m) [31mrunning validator config-dir[0m
2023-08-08 11:42:11.434 +0530 [debug] ([34mconfig-dir.js[0m) [31mChecking to see if /Users/ayeshakulsumsj/Documents/project/marketplace/mp-apps/Untitled/surveysparrow-marketplace-apps/tutorials-apps/schedule-app/config/ exists.[0m
2023-08-08 11:42:11.434 +0530 [debug] ([34mconfig-dir.js[0m) [31mFetched the following config files iparams.json[0m
2023-08-08 11:42:11.434 +0530 [debug] ([34mvalidate.js[0m) [31mrunning validator custom-objects[0m
2023-08-08 11:42:11.434 +0530 [debug] ([34mvalidate.js[0m) [31mrunning validator event[0m
2023-08-08 11:42:11.440 +0530 [debug] ([34mevent.js[0m) [31mFound ["createSchedule","fetchSchedule","updateSchedule","deleteSchedule","pauseSchedule","resumeSchedule","onScheduledEvent"] as exported functions.[0m
2023-08-08 11:42:11.440 +0530 [debug] ([34mvalidate.js[0m) [31mrunning validator iparam[0m
2023-08-08 11:42:11.441 +0530 [debug] ([34mvalidate.js[0m) [31mrunning validator lint[0m
2023-08-08 11:42:11.441 +0530 [debug] ([34mlint.js[0m) [31mpassed fix flag: undefined[0m
2023-08-08 11:42:11.442 +0530 [debug] ([34mlint.js[0m) [31mRunning the following lints on the file server/lib/handle-response.js : no-caller,no-process-env,complexity,max-nested-callbacks,handle-callback-err,no-eval,no-alert,no-debugger,no-unreachable,no-unhandled-promise,no-logging-rejections,no-non-client-request-model,no-deprecated-apis,no-proxy-requests,no-dependency-mismatch,no-empty-function,no-unused-vars[0m
2023-08-08 11:42:11.457 +0530 [debug] ([34mlint.js[0m) [31mRunning the following lints on the file server/server.js : no-caller,no-process-env,complexity,max-nested-callbacks,handle-callback-err,no-eval,no-alert,no-debugger,no-unreachable,no-unhandled-promise,no-logging-rejections,no-non-client-request-model,no-deprecated-apis,no-proxy-requests,no-dependency-mismatch,no-empty-function,no-unused-vars[0m
2023-08-08 11:42:11.464 +0530 [debug] ([34mvalidate.js[0m) [31mrunning validator manifest[0m
2023-08-08 11:42:11.464 +0530 [debug] ([34mvalidate.js[0m) [31mskipping validator manifest-dependency[0m
2023-08-08 11:42:11.464 +0530 [debug] ([34mvalidate.js[0m) [31mrunning validator oauth[0m
2023-08-08 11:42:11.464 +0530 [debug] ([34mvalidate.js[0m) [31mskipping validator pkgsize[0m
2023-08-08 11:42:11.464 +0530 [debug] ([34mvalidate.js[0m) [31mrunning validator schema[0m
2023-08-08 11:42:11.464 +0530 [debug] ([34mvalidate.js[0m) [31mrunning validator version-check[0m
2023-08-08 11:42:11.465 +0530 [debug] ([34mevent.js[0m) [31mFound ["createSchedule","fetchSchedule","updateSchedule","deleteSchedule","pauseSchedule","resumeSchedule","onScheduledEvent"] as exported functions.[0m
2023-08-08 11:42:11.465 +0530 [debug] ([34mmanifest.js[0m) [31mValidating function fetchSchedule[0m
2023-08-08 11:42:11.465 +0530 [debug] ([34mmanifest.js[0m) [31mValidating function updateSchedule[0m
2023-08-08 11:42:11.465 +0530 [debug] ([34mmanifest.js[0m) [31mValidating function deleteSchedule[0m
2023-08-08 11:42:11.465 +0530 [debug] ([34mmanifest.js[0m) [31mValidating function createSchedule[0m
2023-08-08 11:42:11.465 +0530 [debug] ([34mmanifest.js[0m) [31mValidating function pauseSchedule[0m
2023-08-08 11:42:11.466 +0530 [debug] ([34mmanifest.js[0m) [31mValidating function resumeSchedule[0m
2023-08-08 11:42:11.489 +0530 [error] Error: listen EADDRINUSE: address already in use :::30001
    at Server.setupListenHandle [as _listen2] (node:net:1740:16)
    at listenInCluster (node:net:1788:12)
    at Server.listen (node:net:1876:7)
    at /Users/ayeshakulsumsj/Documents/project/marketplace/ssdk/lib/cli/run.js:187:12
    at new Promise (<anonymous>)
    at listenOn (/Users/ayeshakulsumsj/Documents/project/marketplace/ssdk/lib/cli/run.js:179:10)
    at Object.run (/Users/ayeshakulsumsj/Documents/project/marketplace/ssdk/lib/cli/run.js:345:26)
    at process.processTicksAndRejections (node:internal/process/task_queues:95:5)
    at async Command.parseAsync (/Users/ayeshakulsumsj/Documents/project/marketplace/ssdk/node_modules/commander/lib/command.js:917:5)
2023-08-08 11:42:19.839 +0530 [debug] ([34mconfigs.js[0m) [31mloaded default configs as "{"updates":{"manifest_url":"https://ssdk.surveysparrow.dev/assets/ssdk/updates.json","period":24},"log":{"level":"info"},"javascript":{"ecma_version":2020},"request":{"timeout":5000}}"[0m
2023-08-08 11:42:19.840 +0530 [debug] ([34mfile.js[0m) [31mError while requiring /Users/ayeshakulsumsj/.ssdk/configs.json: Cannot find module '/Users/ayeshakulsumsj/.ssdk/configs.json'
Require stack:
- /Users/ayeshakulsumsj/Documents/project/marketplace/ssdk/lib/utils/file.js
- /Users/ayeshakulsumsj/Documents/project/marketplace/ssdk/lib/configs.js
- /Users/ayeshakulsumsj/Documents/project/marketplace/ssdk/lib/logger.js
- /Users/ayeshakulsumsj/Documents/project/marketplace/ssdk/index.js[0m
2023-08-08 11:42:19.841 +0530 [debug] ([34mconfigs.js[0m) [31mloaded global configs as "{}"[0m
2023-08-08 11:42:19.841 +0530 [debug] ([34mfile.js[0m) [31mError while requiring /Users/ayeshakulsumsj/Documents/project/marketplace/mp-apps/Untitled/surveysparrow-marketplace-apps/tutorials-apps/schedule-app/.ssdk/configs.json: Cannot find module '/Users/ayeshakulsumsj/Documents/project/marketplace/mp-apps/Untitled/surveysparrow-marketplace-apps/tutorials-apps/schedule-app/.ssdk/configs.json'
Require stack:
- /Users/ayeshakulsumsj/Documents/project/marketplace/ssdk/lib/utils/file.js
- /Users/ayeshakulsumsj/Documents/project/marketplace/ssdk/lib/configs.js
- /Users/ayeshakulsumsj/Documents/project/marketplace/ssdk/lib/logger.js
- /Users/ayeshakulsumsj/Documents/project/marketplace/ssdk/index.js[0m
2023-08-08 11:42:19.841 +0530 [debug] ([34mconfigs.js[0m) [31mloaded local configs as "{}"[0m
2023-08-08 11:42:19.841 +0530 [debug] ([34mconfigs.js[0m) [31mloaded env configs as "{"updates":{},"log":{},"javascript":{},"request":{"timeout":5000}}"[0m
2023-08-08 11:42:19.841 +0530 [debug] ([34mconfigs.js[0m) [31mloaded resolved configs as "{"updates":{"manifest_url":"https://ssdk.surveysparrow.dev/assets/ssdk/updates.json","period":24},"log":{"level":"info"},"javascript":{"ecma_version":2020},"request":{"timeout":5000}}"[0m
2023-08-08 11:42:19.841 +0530 [debug] ([34mlogger.js[0m) [31mStarting SSDK in node v18.16.0 on darwin[0m
2023-08-08 11:42:19.841 +0530 [debug] ([34msequelize.js[0m) [31msetting up sqilite at "/Users/ayeshakulsumsj/Documents/project/marketplace/mp-apps/Untitled/surveysparrow-marketplace-apps/tutorials-apps/schedule-app/.ssdk/store.sqlite"[0m
2023-08-08 11:42:19.841 +0530 [debug] ([34mdata.js[0m) [31mRead {"version_details":{"cli":{"deprecated":{"version":"<-0.1.0","message":"This SSDK version will be deprecated by Dec 31, 2023 There will be no further feature updates to this version. For a seamless app building experience, ensure to move to the latest SSDK version. For more information, see https://surveysparrow.dev/ssdk."},"forced":{"version":"0.1.1","command":"npm install https://ssdk.surveysparrow.dev/ssdk.tgz -g","message":"Your SSDK version has been forced updated to v1.3.0, please visit https://surveysparrow.dev/ssdk to know more"},"latest":{"version":"0.1.1","command":"npm install https://ssdk.surveysparrow.dev/ssdk.tgz -g","message":"You are on the latest SSDK version. For information on the features available as part of this SSDK version, see https://surveysparrow.dev/ssdk."}},"addon":{"version":"1.13.1","url":"https://ssdk.surveysparrow.dev/addons/addon.zip"}},"last_updated":{"time_stamp":1691413629835}}[0m
2023-08-08 11:42:19.841 +0530 [debug] ([34mupdater.js[0m) [31mlast check less than 24 hours ago, not looking for updates[0m
2023-08-08 11:42:19.843 +0530 [debug] ([34mindex.js[0m) [31mrunning with opts {}[0m
2023-08-08 11:42:19.899 +0530 [debug] ([34mmanifest.js[0m) [31mReloading manifest with {"platform-version":"1.0","product":{"surveysparrow":{"events":{"onScheduledEvent":{"handler":"onScheduledEvent"}},"functions":{"fetchSchedule":{"timeout":5},"updateSchedule":{"timeout":5},"deleteSchedule":{"timeout":5},"createSchedule":{"timeout":5},"pauseSchedule":{"timeout":5},"resumeSchedule":{"timeout":5}}}},"whitelisted-domains":[],"engines":{"node":"18.16.0","ssdk":"0.1.1"}}.[0m
2023-08-08 11:42:19.900 +0530 [debug] ([34mmanifest.js[0m) [31mInferred storage,backend as features.[0m
2023-08-08 11:42:19.900 +0530 [debug] ([34mdata.js[0m) [31mRead {"version_details":{"cli":{"deprecated":{"version":"<-0.1.0","message":"This SSDK version will be deprecated by Dec 31, 2023 There will be no further feature updates to this version. For a seamless app building experience, ensure to move to the latest SSDK version. For more information, see https://surveysparrow.dev/ssdk."},"forced":{"version":"0.1.1","command":"npm install https://ssdk.surveysparrow.dev/ssdk.tgz -g","message":"Your SSDK version has been forced updated to v1.3.0, please visit https://surveysparrow.dev/ssdk to know more"},"latest":{"version":"0.1.1","command":"npm install https://ssdk.surveysparrow.dev/ssdk.tgz -g","message":"You are on the latest SSDK version. For information on the features available as part of this SSDK version, see https://surveysparrow.dev/ssdk."}},"addon":{"version":"1.13.1","url":"https://ssdk.surveysparrow.dev/addons/addon.zip"}},"last_updated":{"time_stamp":1691413629835}}[0m
2023-08-08 11:42:19.905 +0530 [debug] ([34mdata.js[0m) [31mRead {"version_details":{"cli":{"deprecated":{"version":"<-0.1.0","message":"This SSDK version will be deprecated by Dec 31, 2023 There will be no further feature updates to this version. For a seamless app building experience, ensure to move to the latest SSDK version. For more information, see https://surveysparrow.dev/ssdk."},"forced":{"version":"0.1.1","command":"npm install https://ssdk.surveysparrow.dev/ssdk.tgz -g","message":"Your SSDK version has been forced updated to v1.3.0, please visit https://surveysparrow.dev/ssdk to know more"},"latest":{"version":"0.1.1","command":"npm install https://ssdk.surveysparrow.dev/ssdk.tgz -g","message":"You are on the latest SSDK version. For information on the features available as part of this SSDK version, see https://surveysparrow.dev/ssdk."}},"addon":{"version":"1.13.1","url":"https://ssdk.surveysparrow.dev/addons/addon.zip"}},"last_updated":{"time_stamp":1691413629835}}[0m
2023-08-08 11:42:20.190 +0530 [debug] ([34mdata.js[0m) [31mRead {"version_details":{"cli":{"deprecated":{"version":"<-0.1.0","message":"This SSDK version will be deprecated by Dec 31, 2023 There will be no further feature updates to this version. For a seamless app building experience, ensure to move to the latest SSDK version. For more information, see https://surveysparrow.dev/ssdk."},"forced":{"version":"0.1.1","command":"npm install https://ssdk.surveysparrow.dev/ssdk.tgz -g","message":"Your SSDK version has been forced updated to v1.3.0, please visit https://surveysparrow.dev/ssdk to know more"},"latest":{"version":"0.1.1","command":"npm install https://ssdk.surveysparrow.dev/ssdk.tgz -g","message":"You are on the latest SSDK version. For information on the features available as part of this SSDK version, see https://surveysparrow.dev/ssdk."}},"addon":{"version":"1.13.1","url":"https://ssdk.surveysparrow.dev/addons/addon.zip"}},"last_updated":{"time_stamp":1691413629835}}[0m
2023-08-08 11:42:20.439 +0530 [debug] ([34mvalidate.js[0m) [31masked to skip the following validations, [0m
2023-08-08 11:42:20.439 +0530 [debug] ([34mvalidate.js[0m) [31mrunning validator actions[0m
2023-08-08 11:42:20.439 +0530 [debug] ([34mvalidate.js[0m) [31mrunning validator requests[0m
2023-08-08 11:42:20.439 +0530 [debug] ([34mvalidate.js[0m) [31mrunning validator app-dir[0m
2023-08-08 11:42:20.439 +0530 [debug] ([34mvalidate.js[0m) [31mrunning validator config-dir[0m
2023-08-08 11:42:20.440 +0530 [debug] ([34mconfig-dir.js[0m) [31mChecking to see if /Users/ayeshakulsumsj/Documents/project/marketplace/mp-apps/Untitled/surveysparrow-marketplace-apps/tutorials-apps/schedule-app/config/ exists.[0m
2023-08-08 11:42:20.440 +0530 [debug] ([34mconfig-dir.js[0m) [31mFetched the following config files iparams.json[0m
2023-08-08 11:42:20.440 +0530 [debug] ([34mvalidate.js[0m) [31mrunning validator custom-objects[0m
2023-08-08 11:42:20.440 +0530 [debug] ([34mvalidate.js[0m) [31mrunning validator event[0m
2023-08-08 11:42:20.445 +0530 [debug] ([34mevent.js[0m) [31mFound ["createSchedule","fetchSchedule","updateSchedule","deleteSchedule","pauseSchedule","resumeSchedule","onScheduledEvent"] as exported functions.[0m
2023-08-08 11:42:20.445 +0530 [debug] ([34mvalidate.js[0m) [31mrunning validator iparam[0m
2023-08-08 11:42:20.446 +0530 [debug] ([34mvalidate.js[0m) [31mrunning validator lint[0m
2023-08-08 11:42:20.446 +0530 [debug] ([34mlint.js[0m) [31mpassed fix flag: undefined[0m
2023-08-08 11:42:20.447 +0530 [debug] ([34mlint.js[0m) [31mRunning the following lints on the file server/lib/handle-response.js : no-caller,no-process-env,complexity,max-nested-callbacks,handle-callback-err,no-eval,no-alert,no-debugger,no-unreachable,no-unhandled-promise,no-logging-rejections,no-non-client-request-model,no-deprecated-apis,no-proxy-requests,no-dependency-mismatch,no-empty-function,no-unused-vars[0m
2023-08-08 11:42:20.460 +0530 [debug] ([34mlint.js[0m) [31mRunning the following lints on the file server/server.js : no-caller,no-process-env,complexity,max-nested-callbacks,handle-callback-err,no-eval,no-alert,no-debugger,no-unreachable,no-unhandled-promise,no-logging-rejections,no-non-client-request-model,no-deprecated-apis,no-proxy-requests,no-dependency-mismatch,no-empty-function,no-unused-vars[0m
2023-08-08 11:42:20.466 +0530 [debug] ([34mvalidate.js[0m) [31mrunning validator manifest[0m
2023-08-08 11:42:20.466 +0530 [debug] ([34mvalidate.js[0m) [31mskipping validator manifest-dependency[0m
2023-08-08 11:42:20.466 +0530 [debug] ([34mvalidate.js[0m) [31mrunning validator oauth[0m
2023-08-08 11:42:20.466 +0530 [debug] ([34mvalidate.js[0m) [31mskipping validator pkgsize[0m
2023-08-08 11:42:20.466 +0530 [debug] ([34mvalidate.js[0m) [31mrunning validator schema[0m
2023-08-08 11:42:20.467 +0530 [debug] ([34mvalidate.js[0m) [31mrunning validator version-check[0m
2023-08-08 11:42:20.468 +0530 [debug] ([34mevent.js[0m) [31mFound ["createSchedule","fetchSchedule","updateSchedule","deleteSchedule","pauseSchedule","resumeSchedule","onScheduledEvent"] as exported functions.[0m
2023-08-08 11:42:20.468 +0530 [debug] ([34mmanifest.js[0m) [31mValidating function fetchSchedule[0m
2023-08-08 11:42:20.468 +0530 [debug] ([34mmanifest.js[0m) [31mValidating function updateSchedule[0m
2023-08-08 11:42:20.468 +0530 [debug] ([34mmanifest.js[0m) [31mValidating function deleteSchedule[0m
2023-08-08 11:42:20.468 +0530 [debug] ([34mmanifest.js[0m) [31mValidating function createSchedule[0m
2023-08-08 11:42:20.468 +0530 [debug] ([34mmanifest.js[0m) [31mValidating function pauseSchedule[0m
2023-08-08 11:42:20.468 +0530 [debug] ([34mmanifest.js[0m) [31mValidating function resumeSchedule[0m
2023-08-08 11:42:20.490 +0530 [debug] ([34mwatcher.js[0m) [31mPreparing to watch the following files ./config,./manifest.json[0m
2023-08-08 11:42:20.491 +0530 [debug] ([34minstall.js[0m) [31mdependency installer called with {}[0m
2023-08-08 11:42:20.492 +0530 [debug] ([34mdata.js[0m) [31mRead {}[0m
2023-08-08 11:42:20.492 +0530 [debug] ([34mcustom-objects.js[0m) [31mto force or not? undefined[0m
2023-08-08 11:42:20.492 +0530 [debug] ([34mcustom-objects.js[0m) [31mbeginning to re-sync storage[0m
2023-08-08 11:42:20.525 +0530 [debug] ([34mindex.js[0m) [31mloading model at "/Users/ayeshakulsumsj/Documents/project/marketplace/ssdk/lib/models/bigint-pivot.js"[0m
2023-08-08 11:42:20.525 +0530 [debug] ([34mindex.js[0m) [31mloading model at "/Users/ayeshakulsumsj/Documents/project/marketplace/ssdk/lib/models/entity-field-choice.js"[0m
2023-08-08 11:42:20.526 +0530 [debug] ([34mindex.js[0m) [31mloading model at "/Users/ayeshakulsumsj/Documents/project/marketplace/ssdk/lib/models/entity-field.js"[0m
2023-08-08 11:42:20.526 +0530 [debug] ([34mindex.js[0m) [31mloading model at "/Users/ayeshakulsumsj/Documents/project/marketplace/ssdk/lib/models/entity.js"[0m
2023-08-08 11:42:20.526 +0530 [debug] ([34mindex.js[0m) [31mloading model at "/Users/ayeshakulsumsj/Documents/project/marketplace/ssdk/lib/models/record.js"[0m
2023-08-08 11:42:20.526 +0530 [debug] ([34mindex.js[0m) [31mloading model at "/Users/ayeshakulsumsj/Documents/project/marketplace/ssdk/lib/models/string-pivot.js"[0m
2023-08-08 11:42:20.533 +0530 [debug] ([34mdata.js[0m) [31mRead {}[0m
2023-08-08 11:42:20.533 +0530 [debug] ([34mcustom-objects.js[0m) [31mupdated local store with latest entity hash[0m
2023-08-08 11:42:20.533 +0530 [info] Starting local testing server at https://*:30001/    
Append 'dev=true' to your Surveysparrow account URL to start testing    
e.g. https://domain.surveysparrow.com/settings/apps-integration?dev=true    
Quit the server with Control-C.
2023-08-08 11:42:20.533 +0530 [info] 
To simulate product, app setup, and external events, visit - https://localhost:30001/web/test
2023-08-08 11:42:20.533 +0530 [info] Populating test data with events found in the app
2023-08-08 11:42:28.108 +0530 [debug] ([34mdata.js[0m) [31mRead {}[0m
2023-08-08 11:42:28.109 +0530 [debug] ([34miframe.js[0m) [31mResponding to product with {"configs":{},"displayName":"schedule-app","product":{"surveysparrow":{"events":{"onScheduledEvent":{"handler":"onScheduledEvent"}},"functions":{"fetchSchedule":{"timeout":5},"updateSchedule":{"timeout":5},"deleteSchedule":{"timeout":5},"createSchedule":{"timeout":5},"pauseSchedule":{"timeout":5},"resumeSchedule":{"timeout":5}}}},"features":["storage","backend"],"actions":false,"omni":false,"products":["surveysparrow"],"platform":"1.0","isInstall":false,"v2":[]}[0m
2023-08-08 11:42:28.110 +0530 [debug] ([34mdata.js[0m) [31mRead {}[0m
2023-08-08 11:42:28.110 +0530 [debug] ([34miframe.js[0m) [31mResponding to product with {"configs":{},"displayName":"schedule-app","product":{"surveysparrow":{"events":{"onScheduledEvent":{"handler":"onScheduledEvent"}},"functions":{"fetchSchedule":{"timeout":5},"updateSchedule":{"timeout":5},"deleteSchedule":{"timeout":5},"createSchedule":{"timeout":5},"pauseSchedule":{"timeout":5},"resumeSchedule":{"timeout":5}}}},"features":["storage","backend"],"actions":false,"omni":false,"products":["surveysparrow"],"platform":"1.0","isInstall":false,"v2":[]}[0m
2023-08-08 11:42:28.122 +0530 [debug] ([34mdata.js[0m) [31mRead {}[0m
2023-08-08 11:42:28.122 +0530 [debug] ([34miframe.js[0m) [31mResponding to product with {"configs":{},"displayName":"schedule-app","product":{"surveysparrow":{"events":{"onScheduledEvent":{"handler":"onScheduledEvent"}},"functions":{"fetchSchedule":{"timeout":5},"updateSchedule":{"timeout":5},"deleteSchedule":{"timeout":5},"createSchedule":{"timeout":5},"pauseSchedule":{"timeout":5},"resumeSchedule":{"timeout":5}}}},"features":["storage","backend"],"actions":false,"omni":false,"products":["surveysparrow"],"platform":"1.0","isInstall":false,"v2":[]}[0m
2023-08-08 11:42:31.519 +0530 [debug] ([34mevent.js[0m) [31mFound ["createSchedule","fetchSchedule","updateSchedule","deleteSchedule","pauseSchedule","resumeSchedule","onScheduledEvent"] as exported functions.[0m
2023-08-08 11:42:36.833 +0530 [warn] [33m[WARN][0m onScheduledEvent.json does not exist. File will be generated after simulation
2023-08-08 11:43:31.269 +0530 [debug] ([34mdata.js[0m) [31mRead {}[0m
2023-08-08 11:43:31.270 +0530 [debug] ([34mbeevents.js[0m) [31mUsing {} as iparams for testing.[0m
2023-08-08 11:43:31.270 +0530 [debug] ([34mbeevents.js[0m) [31mCalling event handler with {"categoryName":"productEvent","categoryArgs":{"methodName":"onScheduledEvent","methodParams":{"data":"Ayesha","iparams":{},"event":"onScheduledEvent"}}}[0m
2023-08-08 11:43:31.271 +0530 [debug] ([34mcoverage.js[0m) [31mInstrumenting /Users/ayeshakulsumsj/Documents/project/marketplace/mp-apps/Untitled/surveysparrow-marketplace-apps/tutorials-apps/schedule-app/server/server.js[0m
2023-08-08 11:43:31.843 +0530 [debug] ([34mcoverage.js[0m) [31mWriting coverage.[0m
