2023-08-04 19:07:52.244 +0530 [info] 
NOTE: We recommend a coverage of 80% for apps that are to be published in the public marketplace.
2023-08-04 19:31:28.027 +0530 [debug] ([34mconfigs.js[0m) [31mloaded default configs as "{"updates":{"manifest_url":"https://ssdk.surveysparrow.dev/assets/ssdk/updates.json","period":24},"log":{"level":"info"},"javascript":{"ecma_version":2020},"request":{"timeout":5000}}"[0m
2023-08-04 19:31:28.029 +0530 [debug] ([34mfile.js[0m) [31mError while requiring /Users/ayeshakulsumsj/.ssdk/configs.json: Cannot find module '/Users/ayeshakulsumsj/.ssdk/configs.json'
Require stack:
- /Users/ayeshakulsumsj/.nvm/versions/node/v18.16.0/lib/node_modules/ssdk/lib/utils/file.js
- /Users/ayeshakulsumsj/.nvm/versions/node/v18.16.0/lib/node_modules/ssdk/lib/configs.js
- /Users/ayeshakulsumsj/.nvm/versions/node/v18.16.0/lib/node_modules/ssdk/lib/logger.js
- /Users/ayeshakulsumsj/.nvm/versions/node/v18.16.0/lib/node_modules/ssdk/index.js[0m
2023-08-04 19:31:28.029 +0530 [debug] ([34mconfigs.js[0m) [31mloaded global configs as "{}"[0m
2023-08-04 19:31:28.029 +0530 [debug] ([34mfile.js[0m) [31mError while requiring /Users/ayeshakulsumsj/Documents/project/marketplace/mp-apps/Untitled/surveysparrow-marketplace-apps/tutorials-apps/first-app/.ssdk/configs.json: Cannot find module '/Users/ayeshakulsumsj/Documents/project/marketplace/mp-apps/Untitled/surveysparrow-marketplace-apps/tutorials-apps/first-app/.ssdk/configs.json'
Require stack:
- /Users/ayeshakulsumsj/.nvm/versions/node/v18.16.0/lib/node_modules/ssdk/lib/utils/file.js
- /Users/ayeshakulsumsj/.nvm/versions/node/v18.16.0/lib/node_modules/ssdk/lib/configs.js
- /Users/ayeshakulsumsj/.nvm/versions/node/v18.16.0/lib/node_modules/ssdk/lib/logger.js
- /Users/ayeshakulsumsj/.nvm/versions/node/v18.16.0/lib/node_modules/ssdk/index.js[0m
2023-08-04 19:31:28.029 +0530 [debug] ([34mconfigs.js[0m) [31mloaded local configs as "{}"[0m
2023-08-04 19:31:28.029 +0530 [debug] ([34mconfigs.js[0m) [31mloaded env configs as "{"updates":{},"log":{},"javascript":{},"request":{"timeout":5000}}"[0m
2023-08-04 19:31:28.030 +0530 [debug] ([34mconfigs.js[0m) [31mloaded resolved configs as "{"updates":{"manifest_url":"https://ssdk.surveysparrow.dev/assets/ssdk/updates.json","period":24},"log":{"level":"info"},"javascript":{"ecma_version":2020},"request":{"timeout":5000}}"[0m
2023-08-04 19:31:28.030 +0530 [debug] ([34mlogger.js[0m) [31mStarting SSDK in node v18.16.0 on darwin[0m
2023-08-04 19:31:28.030 +0530 [debug] ([34msequelize.js[0m) [31msetting up sqilite at "/Users/ayeshakulsumsj/Documents/project/marketplace/mp-apps/Untitled/surveysparrow-marketplace-apps/tutorials-apps/first-app/.ssdk/store.sqlite"[0m
2023-08-04 19:31:28.030 +0530 [debug] ([34mdata.js[0m) [31mRead {"version_details":{"cli":{"deprecated":{"version":"<-0.0.1","message":"This SSDK version will be deprecated by Dec 31, 2023 There will be no further feature updates to this version. For a seamless app building experience, ensure to move to the latest SSDK version. For more information, see https://surveysparrow.dev/ssdk."},"forced":{"version":"0.1.0","command":"npm install https://ssdk.surveysparrow.dev/ssdk.tgz -g","message":"Your SSDK version has been forced updated to v1.3.0, please visit https://surveysparrow.dev/ssdk to know more"},"latest":{"version":"0.1.0","command":"npm install https://ssdk.surveysparrow.dev/ssdk.tgz -g","message":"You are on the latest SSDK version. For information on the features available as part of this SSDK version, see https://surveysparrow.dev/ssdk."}},"addon":{"version":"1.13.1","url":"https://ssdk.surveysparrow.dev/addons/addon.zip"}},"last_updated":{"time_stamp":1691144277320}}[0m
2023-08-04 19:31:28.030 +0530 [debug] ([34mupdater.js[0m) [31mlast check less than 24 hours ago, not looking for updates[0m
2023-08-04 19:31:28.032 +0530 [debug] ([34mindex.js[0m) [31mrunning with opts {}[0m
2023-08-04 19:31:28.119 +0530 [debug] ([34mmanifest.js[0m) [31mReloading manifest with {"platform-version":"1.0","product":{"surveysparrow":{"location":{"new_survey_modal":{"url":"index.html","icon":"styles/images/icon.svg"}}}},"whitelisted-domains":["https://api.surveysparrow.com/v3/questions","https://api.surveysparrow.com/v3/surveys"],"engines":{"node":"18.16.0","ssdk":"0.1.0"}}.[0m
2023-08-04 19:31:28.119 +0530 [debug] ([34mmanifest.js[0m) [31mInferred storage,oauth as features.[0m
2023-08-04 19:31:28.120 +0530 [debug] ([34mdata.js[0m) [31mRead {"version_details":{"cli":{"deprecated":{"version":"<-0.0.1","message":"This SSDK version will be deprecated by Dec 31, 2023 There will be no further feature updates to this version. For a seamless app building experience, ensure to move to the latest SSDK version. For more information, see https://surveysparrow.dev/ssdk."},"forced":{"version":"0.1.0","command":"npm install https://ssdk.surveysparrow.dev/ssdk.tgz -g","message":"Your SSDK version has been forced updated to v1.3.0, please visit https://surveysparrow.dev/ssdk to know more"},"latest":{"version":"0.1.0","command":"npm install https://ssdk.surveysparrow.dev/ssdk.tgz -g","message":"You are on the latest SSDK version. For information on the features available as part of this SSDK version, see https://surveysparrow.dev/ssdk."}},"addon":{"version":"1.13.1","url":"https://ssdk.surveysparrow.dev/addons/addon.zip"}},"last_updated":{"time_stamp":1691144277320}}[0m
2023-08-04 19:31:28.128 +0530 [debug] ([34mdata.js[0m) [31mRead {"version_details":{"cli":{"deprecated":{"version":"<-0.0.1","message":"This SSDK version will be deprecated by Dec 31, 2023 There will be no further feature updates to this version. For a seamless app building experience, ensure to move to the latest SSDK version. For more information, see https://surveysparrow.dev/ssdk."},"forced":{"version":"0.1.0","command":"npm install https://ssdk.surveysparrow.dev/ssdk.tgz -g","message":"Your SSDK version has been forced updated to v1.3.0, please visit https://surveysparrow.dev/ssdk to know more"},"latest":{"version":"0.1.0","command":"npm install https://ssdk.surveysparrow.dev/ssdk.tgz -g","message":"You are on the latest SSDK version. For information on the features available as part of this SSDK version, see https://surveysparrow.dev/ssdk."}},"addon":{"version":"1.13.1","url":"https://ssdk.surveysparrow.dev/addons/addon.zip"}},"last_updated":{"time_stamp":1691144277320}}[0m
2023-08-04 19:31:28.731 +0530 [debug] ([34mdata.js[0m) [31mRead {"version_details":{"cli":{"deprecated":{"version":"<-0.0.1","message":"This SSDK version will be deprecated by Dec 31, 2023 There will be no further feature updates to this version. For a seamless app building experience, ensure to move to the latest SSDK version. For more information, see https://surveysparrow.dev/ssdk."},"forced":{"version":"0.1.0","command":"npm install https://ssdk.surveysparrow.dev/ssdk.tgz -g","message":"Your SSDK version has been forced updated to v1.3.0, please visit https://surveysparrow.dev/ssdk to know more"},"latest":{"version":"0.1.0","command":"npm install https://ssdk.surveysparrow.dev/ssdk.tgz -g","message":"You are on the latest SSDK version. For information on the features available as part of this SSDK version, see https://surveysparrow.dev/ssdk."}},"addon":{"version":"1.13.1","url":"https://ssdk.surveysparrow.dev/addons/addon.zip"}},"last_updated":{"time_stamp":1691144277320}}[0m
2023-08-04 19:31:29.160 +0530 [debug] ([34mvalidate.js[0m) [31masked to skip the following validations, [0m
2023-08-04 19:31:29.160 +0530 [debug] ([34mvalidate.js[0m) [31mrunning validator actions[0m
2023-08-04 19:31:29.160 +0530 [debug] ([34mvalidate.js[0m) [31mrunning validator requests[0m
2023-08-04 19:31:29.160 +0530 [debug] ([34mvalidate.js[0m) [31mrunning validator app-dir[0m
2023-08-04 19:31:29.161 +0530 [debug] ([34mvalidate.js[0m) [31mrunning validator config-dir[0m
2023-08-04 19:31:29.161 +0530 [debug] ([34mconfig-dir.js[0m) [31mChecking to see if /Users/ayeshakulsumsj/Documents/project/marketplace/mp-apps/Untitled/surveysparrow-marketplace-apps/tutorials-apps/first-app/config/ exists.[0m
2023-08-04 19:31:29.161 +0530 [debug] ([34mconfig-dir.js[0m) [31mFetched the following config files iparams.json,oauth_config.json[0m
2023-08-04 19:31:29.161 +0530 [debug] ([34mvalidate.js[0m) [31mrunning validator custom-objects[0m
2023-08-04 19:31:29.161 +0530 [debug] ([34mvalidate.js[0m) [31mrunning validator event[0m
2023-08-04 19:31:29.161 +0530 [debug] ([34mvalidate.js[0m) [31mrunning validator iparam[0m
2023-08-04 19:31:29.162 +0530 [debug] ([34mvalidate.js[0m) [31mrunning validator lint[0m
2023-08-04 19:31:29.162 +0530 [debug] ([34mlint.js[0m) [31mpassed fix flag: undefined[0m
2023-08-04 19:31:29.163 +0530 [debug] ([34mlint.js[0m) [31mRunning the following lints on the file app/scripts/app.js : no-caller,no-process-env,complexity,max-nested-callbacks,handle-callback-err,no-eval,no-alert,no-debugger,no-unreachable,no-unhandled-promise,no-logging-rejections,no-non-client-request-model,no-deprecated-apis,no-proxy-requests,no-cross-scope-assign,no-empty-function,no-unused-vars[0m
2023-08-04 19:31:29.188 +0530 [debug] ([34mvalidate.js[0m) [31mrunning validator manifest[0m
2023-08-04 19:31:29.188 +0530 [debug] ([34mvalidate.js[0m) [31mskipping validator manifest-dependency[0m
2023-08-04 19:31:29.188 +0530 [debug] ([34mvalidate.js[0m) [31mrunning validator oauth[0m
2023-08-04 19:31:29.189 +0530 [debug] ([34mvalidate.js[0m) [31mskipping validator pkgsize[0m
2023-08-04 19:31:29.189 +0530 [debug] ([34mvalidate.js[0m) [31mrunning validator schema[0m
2023-08-04 19:31:29.189 +0530 [debug] ([34mvalidate.js[0m) [31mrunning validator version-check[0m
2023-08-04 19:31:29.191 +0530 [warn] Please ensure that the following are addressed for quick review process:
2023-08-04 19:31:29.191 +0530 [warn] [33m⚠[39m app/scripts/app.js::19: 'client' declared and assigned in different scopes. Possible asynchronous race condition.
2023-08-04 19:31:29.191 +0530 [error] 
2023-08-04 19:31:30.758 +0530 [debug] ([34mwatcher.js[0m) [31mPreparing to watch the following files ./app,./config,./manifest.json[0m
2023-08-04 19:31:30.760 +0530 [debug] ([34mdata.js[0m) [31mRead {"first__101_101_surveysparrow":{"first__101_101_oauth_iparams":{},"first__101_101_oauth_appstate":"17cbe919-736e-4890-8988-15d8fd135992","first__101_101_oauth":{"access_token":"puHPc-78DYIaxb5-cYjUeGhPASO42PGh5t4YKfg6wMbcj8AOqoKBtCvQQpH-sNnECJt8U1FDzDqo4nBrZGNqAVhg","refresh_token":"t42mdD6KukHEBqTL1MR9Y79ZmhK8S1-TKiSXsEnuiXo_rkQftqpCQUF68NSMjvE0uLTHkLdEQu_VtMj3sLBEMA"}}}[0m
2023-08-04 19:31:30.760 +0530 [debug] ([34mcustom-objects.js[0m) [31mto force or not? undefined[0m
2023-08-04 19:31:30.760 +0530 [debug] ([34mcustom-objects.js[0m) [31mbeginning to re-sync storage[0m
2023-08-04 19:31:30.820 +0530 [debug] ([34mindex.js[0m) [31mloading model at "/Users/ayeshakulsumsj/.nvm/versions/node/v18.16.0/lib/node_modules/ssdk/lib/models/bigint-pivot.js"[0m
2023-08-04 19:31:30.821 +0530 [debug] ([34mindex.js[0m) [31mloading model at "/Users/ayeshakulsumsj/.nvm/versions/node/v18.16.0/lib/node_modules/ssdk/lib/models/entity-field-choice.js"[0m
2023-08-04 19:31:30.821 +0530 [debug] ([34mindex.js[0m) [31mloading model at "/Users/ayeshakulsumsj/.nvm/versions/node/v18.16.0/lib/node_modules/ssdk/lib/models/entity-field.js"[0m
2023-08-04 19:31:30.821 +0530 [debug] ([34mindex.js[0m) [31mloading model at "/Users/ayeshakulsumsj/.nvm/versions/node/v18.16.0/lib/node_modules/ssdk/lib/models/entity.js"[0m
2023-08-04 19:31:30.822 +0530 [debug] ([34mindex.js[0m) [31mloading model at "/Users/ayeshakulsumsj/.nvm/versions/node/v18.16.0/lib/node_modules/ssdk/lib/models/record.js"[0m
2023-08-04 19:31:30.822 +0530 [debug] ([34mindex.js[0m) [31mloading model at "/Users/ayeshakulsumsj/.nvm/versions/node/v18.16.0/lib/node_modules/ssdk/lib/models/string-pivot.js"[0m
2023-08-04 19:31:30.830 +0530 [debug] ([34mdata.js[0m) [31mRead {"first__101_101_surveysparrow":{"first__101_101_oauth_iparams":{},"first__101_101_oauth_appstate":"17cbe919-736e-4890-8988-15d8fd135992","first__101_101_oauth":{"access_token":"puHPc-78DYIaxb5-cYjUeGhPASO42PGh5t4YKfg6wMbcj8AOqoKBtCvQQpH-sNnECJt8U1FDzDqo4nBrZGNqAVhg","refresh_token":"t42mdD6KukHEBqTL1MR9Y79ZmhK8S1-TKiSXsEnuiXo_rkQftqpCQUF68NSMjvE0uLTHkLdEQu_VtMj3sLBEMA"}}}[0m
2023-08-04 19:31:30.831 +0530 [debug] ([34mcustom-objects.js[0m) [31mupdated local store with latest entity hash[0m
2023-08-04 19:31:30.831 +0530 [info] Starting local testing server at https://*:30001/    
Append 'dev=true' to your Surveysparrow account URL to start testing    
e.g. https://domain.surveysparrow.com/settings/apps-integration?dev=true    
Quit the server with Control-C.
2023-08-04 19:31:30.831 +0530 [info] To test the installation page, visit - https://localhost:30001/custom_configs
2023-08-04 19:31:33.350 +0530 [debug] ([34mdata.js[0m) [31mRead {"first__101_101_surveysparrow":{"first__101_101_oauth_iparams":{},"first__101_101_oauth_appstate":"17cbe919-736e-4890-8988-15d8fd135992","first__101_101_oauth":{"access_token":"puHPc-78DYIaxb5-cYjUeGhPASO42PGh5t4YKfg6wMbcj8AOqoKBtCvQQpH-sNnECJt8U1FDzDqo4nBrZGNqAVhg","refresh_token":"t42mdD6KukHEBqTL1MR9Y79ZmhK8S1-TKiSXsEnuiXo_rkQftqpCQUF68NSMjvE0uLTHkLdEQu_VtMj3sLBEMA"}}}[0m
2023-08-04 19:31:33.426 +0530 [debug] ([34mdata.js[0m) [31mRead {"first__101_101_surveysparrow":{"first__101_101_oauth_iparams":{},"first__101_101_oauth_appstate":"17cbe919-736e-4890-8988-15d8fd135992","first__101_101_oauth":{"access_token":"puHPc-78DYIaxb5-cYjUeGhPASO42PGh5t4YKfg6wMbcj8AOqoKBtCvQQpH-sNnECJt8U1FDzDqo4nBrZGNqAVhg","refresh_token":"t42mdD6KukHEBqTL1MR9Y79ZmhK8S1-TKiSXsEnuiXo_rkQftqpCQUF68NSMjvE0uLTHkLdEQu_VtMj3sLBEMA"}}}[0m
2023-08-04 19:31:33.427 +0530 [debug] ([34mdata.js[0m) [31mRead {"first__101_101_surveysparrow":{"first__101_101_oauth_iparams":{},"first__101_101_oauth_appstate":"17cbe919-736e-4890-8988-15d8fd135992","first__101_101_oauth":{"access_token":"puHPc-78DYIaxb5-cYjUeGhPASO42PGh5t4YKfg6wMbcj8AOqoKBtCvQQpH-sNnECJt8U1FDzDqo4nBrZGNqAVhg","refresh_token":"t42mdD6KukHEBqTL1MR9Y79ZmhK8S1-TKiSXsEnuiXo_rkQftqpCQUF68NSMjvE0uLTHkLdEQu_VtMj3sLBEMA"}}}[0m
2023-08-04 19:31:33.427 +0530 [debug] ([34mdata.js[0m) [31mRead {"first__101_101_surveysparrow":{"first__101_101_oauth_iparams":{},"first__101_101_oauth_appstate":"17cbe919-736e-4890-8988-15d8fd135992","first__101_101_oauth":{"access_token":"puHPc-78DYIaxb5-cYjUeGhPASO42PGh5t4YKfg6wMbcj8AOqoKBtCvQQpH-sNnECJt8U1FDzDqo4nBrZGNqAVhg","refresh_token":"t42mdD6KukHEBqTL1MR9Y79ZmhK8S1-TKiSXsEnuiXo_rkQftqpCQUF68NSMjvE0uLTHkLdEQu_VtMj3sLBEMA"}}}[0m
2023-08-04 19:31:33.427 +0530 [debug] ([34miframe.js[0m) [31mResponding to product with {"configs":{},"displayName":"first-app","product":{"surveysparrow":{"location":{"new_survey_modal":{"url":"agent/index.html","icon":"agent/styles/images/icon.svg"}}}},"features":["storage","oauth"],"actions":false,"omni":false,"products":["surveysparrow"],"platform":"1.0","isInstall":true,"isAuthorized":true,"v2":[]}[0m
2023-08-04 19:31:33.456 +0530 [debug] ([34mdata.js[0m) [31mRead {"first__101_101_surveysparrow":{"first__101_101_oauth_iparams":{},"first__101_101_oauth_appstate":"17cbe919-736e-4890-8988-15d8fd135992","first__101_101_oauth":{"access_token":"puHPc-78DYIaxb5-cYjUeGhPASO42PGh5t4YKfg6wMbcj8AOqoKBtCvQQpH-sNnECJt8U1FDzDqo4nBrZGNqAVhg","refresh_token":"t42mdD6KukHEBqTL1MR9Y79ZmhK8S1-TKiSXsEnuiXo_rkQftqpCQUF68NSMjvE0uLTHkLdEQu_VtMj3sLBEMA"}}}[0m
2023-08-04 19:31:52.319 +0530 [debug] ([34mdata.js[0m) [31mRead {}[0m
2023-08-04 19:31:52.326 +0530 [debug] ([34mdata.js[0m) [31mRead {}[0m
2023-08-04 19:31:52.327 +0530 [debug] ([34mdata.js[0m) [31mRead {}[0m
2023-08-04 19:31:52.327 +0530 [debug] ([34mdata.js[0m) [31mRead {}[0m
2023-08-04 19:31:52.328 +0530 [debug] ([34mdata.js[0m) [31mRead {"first__101_101_surveysparrow":{"first__101_101_oauth_iparams":{}}}[0m
2023-08-04 19:32:13.105 +0530 [debug] ([34mdata.js[0m) [31mRead {"first__101_101_surveysparrow":{"first__101_101_oauth_iparams":{},"first__101_101_oauth_appstate":"f44fa3a3-d6ff-45a0-8219-db6298d10f05"}}[0m
2023-08-04 19:32:13.107 +0530 [debug] ([34mdata.js[0m) [31mRead {"first__101_101_surveysparrow":{"first__101_101_oauth_iparams":{},"first__101_101_oauth_appstate":"f44fa3a3-d6ff-45a0-8219-db6298d10f05"}}[0m
2023-08-04 19:32:20.959 +0530 [debug] ([34mdata.js[0m) [31mRead {"first__101_101_surveysparrow":{"first__101_101_oauth_iparams":{},"first__101_101_oauth_appstate":"f44fa3a3-d6ff-45a0-8219-db6298d10f05"}}[0m
2023-08-04 19:32:20.961 +0530 [debug] ([34mdata.js[0m) [31mRead {"first__101_101_surveysparrow":{"first__101_101_oauth_iparams":{},"first__101_101_oauth_appstate":"f44fa3a3-d6ff-45a0-8219-db6298d10f05"}}[0m
2023-08-04 19:36:37.137 +0530 [debug] ([34mdata.js[0m) [31mRead {"first__101_101_surveysparrow":{"first__101_101_oauth_iparams":{},"first__101_101_oauth_appstate":"f44fa3a3-d6ff-45a0-8219-db6298d10f05"}}[0m
2023-08-04 19:36:37.139 +0530 [debug] ([34mdata.js[0m) [31mRead {"first__101_101_surveysparrow":{"first__101_101_oauth_iparams":{},"first__101_101_oauth_appstate":"f44fa3a3-d6ff-45a0-8219-db6298d10f05"}}[0m
2023-08-04 19:36:42.651 +0530 [debug] ([34mdata.js[0m) [31mRead {"first__101_101_surveysparrow":{"first__101_101_oauth_iparams":{},"first__101_101_oauth_appstate":"f44fa3a3-d6ff-45a0-8219-db6298d10f05"}}[0m
2023-08-04 19:36:42.653 +0530 [debug] ([34mdata.js[0m) [31mRead {"first__101_101_surveysparrow":{"first__101_101_oauth_iparams":{},"first__101_101_oauth_appstate":"f44fa3a3-d6ff-45a0-8219-db6298d10f05"}}[0m
2023-08-04 20:01:04.205 +0530 [debug] ([34mwatcher.js[0m) [31mBroadcasted "{"file":"config/oauth_config.json"}" to all listeners.[0m
2023-08-04 20:01:04.260 +0530 [debug] ([34miframe.js[0m) [31mResponding with contents of /index.html[0m
2023-08-04 20:01:04.391 +0530 [debug] ([34miframe.js[0m) [31mResponding with contents of /scripts/app.js[0m
2023-08-04 20:01:04.392 +0530 [debug] ([34mcoverage.js[0m) [31mInstrumenting /Users/ayeshakulsumsj/Documents/project/marketplace/mp-apps/Untitled/surveysparrow-marketplace-apps/tutorials-apps/first-app/app/scripts/app.js[0m
2023-08-04 20:01:06.012 +0530 [info] 
NOTE: We recommend a coverage of 80% for apps that are to be published in the public marketplace.
2023-08-04 20:01:07.717 +0530 [debug] ([34mconfigs.js[0m) [31mloaded default configs as "{"updates":{"manifest_url":"https://ssdk.surveysparrow.dev/assets/ssdk/updates.json","period":24},"log":{"level":"info"},"javascript":{"ecma_version":2020},"request":{"timeout":5000}}"[0m
2023-08-04 20:01:07.718 +0530 [debug] ([34mfile.js[0m) [31mError while requiring /Users/ayeshakulsumsj/.ssdk/configs.json: Cannot find module '/Users/ayeshakulsumsj/.ssdk/configs.json'
Require stack:
- /Users/ayeshakulsumsj/.nvm/versions/node/v18.16.0/lib/node_modules/ssdk/lib/utils/file.js
- /Users/ayeshakulsumsj/.nvm/versions/node/v18.16.0/lib/node_modules/ssdk/lib/configs.js
- /Users/ayeshakulsumsj/.nvm/versions/node/v18.16.0/lib/node_modules/ssdk/lib/logger.js
- /Users/ayeshakulsumsj/.nvm/versions/node/v18.16.0/lib/node_modules/ssdk/index.js[0m
2023-08-04 20:01:07.718 +0530 [debug] ([34mconfigs.js[0m) [31mloaded global configs as "{}"[0m
2023-08-04 20:01:07.718 +0530 [debug] ([34mfile.js[0m) [31mError while requiring /Users/ayeshakulsumsj/Documents/project/marketplace/mp-apps/Untitled/surveysparrow-marketplace-apps/tutorials-apps/first-app/.ssdk/configs.json: Cannot find module '/Users/ayeshakulsumsj/Documents/project/marketplace/mp-apps/Untitled/surveysparrow-marketplace-apps/tutorials-apps/first-app/.ssdk/configs.json'
Require stack:
- /Users/ayeshakulsumsj/.nvm/versions/node/v18.16.0/lib/node_modules/ssdk/lib/utils/file.js
- /Users/ayeshakulsumsj/.nvm/versions/node/v18.16.0/lib/node_modules/ssdk/lib/configs.js
- /Users/ayeshakulsumsj/.nvm/versions/node/v18.16.0/lib/node_modules/ssdk/lib/logger.js
- /Users/ayeshakulsumsj/.nvm/versions/node/v18.16.0/lib/node_modules/ssdk/index.js[0m
2023-08-04 20:01:07.718 +0530 [debug] ([34mconfigs.js[0m) [31mloaded local configs as "{}"[0m
2023-08-04 20:01:07.718 +0530 [debug] ([34mconfigs.js[0m) [31mloaded env configs as "{"updates":{},"log":{},"javascript":{},"request":{"timeout":5000}}"[0m
2023-08-04 20:01:07.718 +0530 [debug] ([34mconfigs.js[0m) [31mloaded resolved configs as "{"updates":{"manifest_url":"https://ssdk.surveysparrow.dev/assets/ssdk/updates.json","period":24},"log":{"level":"info"},"javascript":{"ecma_version":2020},"request":{"timeout":5000}}"[0m
2023-08-04 20:01:07.718 +0530 [debug] ([34mlogger.js[0m) [31mStarting SSDK in node v18.16.0 on darwin[0m
2023-08-04 20:01:07.718 +0530 [debug] ([34msequelize.js[0m) [31msetting up sqilite at "/Users/ayeshakulsumsj/Documents/project/marketplace/mp-apps/Untitled/surveysparrow-marketplace-apps/tutorials-apps/first-app/.ssdk/store.sqlite"[0m
2023-08-04 20:01:07.719 +0530 [debug] ([34mdata.js[0m) [31mRead {"version_details":{"cli":{"deprecated":{"version":"<-0.0.1","message":"This SSDK version will be deprecated by Dec 31, 2023 There will be no further feature updates to this version. For a seamless app building experience, ensure to move to the latest SSDK version. For more information, see https://surveysparrow.dev/ssdk."},"forced":{"version":"0.1.0","command":"npm install https://ssdk.surveysparrow.dev/ssdk.tgz -g","message":"Your SSDK version has been forced updated to v1.3.0, please visit https://surveysparrow.dev/ssdk to know more"},"latest":{"version":"0.1.0","command":"npm install https://ssdk.surveysparrow.dev/ssdk.tgz -g","message":"You are on the latest SSDK version. For information on the features available as part of this SSDK version, see https://surveysparrow.dev/ssdk."}},"addon":{"version":"1.13.1","url":"https://ssdk.surveysparrow.dev/addons/addon.zip"}},"last_updated":{"time_stamp":1691144277320}}[0m
2023-08-04 20:01:07.719 +0530 [debug] ([34mupdater.js[0m) [31mlast check less than 24 hours ago, not looking for updates[0m
2023-08-04 20:01:07.721 +0530 [debug] ([34mindex.js[0m) [31mrunning with opts {}[0m
2023-08-04 20:01:07.819 +0530 [debug] ([34mmanifest.js[0m) [31mReloading manifest with {"platform-version":"1.0","product":{"surveysparrow":{"location":{"new_survey_modal":{"url":"index.html","icon":"styles/images/icon.svg"}}}},"whitelisted-domains":["https://api.surveysparrow.com/v3/questions","https://api.surveysparrow.com/v3/surveys"],"engines":{"node":"18.16.0","ssdk":"0.1.0"}}.[0m
2023-08-04 20:01:07.819 +0530 [debug] ([34mmanifest.js[0m) [31mInferred storage,oauth as features.[0m
2023-08-04 20:01:07.820 +0530 [debug] ([34mdata.js[0m) [31mRead {"version_details":{"cli":{"deprecated":{"version":"<-0.0.1","message":"This SSDK version will be deprecated by Dec 31, 2023 There will be no further feature updates to this version. For a seamless app building experience, ensure to move to the latest SSDK version. For more information, see https://surveysparrow.dev/ssdk."},"forced":{"version":"0.1.0","command":"npm install https://ssdk.surveysparrow.dev/ssdk.tgz -g","message":"Your SSDK version has been forced updated to v1.3.0, please visit https://surveysparrow.dev/ssdk to know more"},"latest":{"version":"0.1.0","command":"npm install https://ssdk.surveysparrow.dev/ssdk.tgz -g","message":"You are on the latest SSDK version. For information on the features available as part of this SSDK version, see https://surveysparrow.dev/ssdk."}},"addon":{"version":"1.13.1","url":"https://ssdk.surveysparrow.dev/addons/addon.zip"}},"last_updated":{"time_stamp":1691144277320}}[0m
2023-08-04 20:01:07.828 +0530 [debug] ([34mdata.js[0m) [31mRead {"version_details":{"cli":{"deprecated":{"version":"<-0.0.1","message":"This SSDK version will be deprecated by Dec 31, 2023 There will be no further feature updates to this version. For a seamless app building experience, ensure to move to the latest SSDK version. For more information, see https://surveysparrow.dev/ssdk."},"forced":{"version":"0.1.0","command":"npm install https://ssdk.surveysparrow.dev/ssdk.tgz -g","message":"Your SSDK version has been forced updated to v1.3.0, please visit https://surveysparrow.dev/ssdk to know more"},"latest":{"version":"0.1.0","command":"npm install https://ssdk.surveysparrow.dev/ssdk.tgz -g","message":"You are on the latest SSDK version. For information on the features available as part of this SSDK version, see https://surveysparrow.dev/ssdk."}},"addon":{"version":"1.13.1","url":"https://ssdk.surveysparrow.dev/addons/addon.zip"}},"last_updated":{"time_stamp":1691144277320}}[0m
2023-08-04 20:01:08.424 +0530 [debug] ([34mdata.js[0m) [31mRead {"version_details":{"cli":{"deprecated":{"version":"<-0.0.1","message":"This SSDK version will be deprecated by Dec 31, 2023 There will be no further feature updates to this version. For a seamless app building experience, ensure to move to the latest SSDK version. For more information, see https://surveysparrow.dev/ssdk."},"forced":{"version":"0.1.0","command":"npm install https://ssdk.surveysparrow.dev/ssdk.tgz -g","message":"Your SSDK version has been forced updated to v1.3.0, please visit https://surveysparrow.dev/ssdk to know more"},"latest":{"version":"0.1.0","command":"npm install https://ssdk.surveysparrow.dev/ssdk.tgz -g","message":"You are on the latest SSDK version. For information on the features available as part of this SSDK version, see https://surveysparrow.dev/ssdk."}},"addon":{"version":"1.13.1","url":"https://ssdk.surveysparrow.dev/addons/addon.zip"}},"last_updated":{"time_stamp":1691144277320}}[0m
2023-08-04 20:01:08.847 +0530 [debug] ([34mvalidate.js[0m) [31masked to skip the following validations, [0m
2023-08-04 20:01:08.847 +0530 [debug] ([34mvalidate.js[0m) [31mrunning validator actions[0m
2023-08-04 20:01:08.847 +0530 [debug] ([34mvalidate.js[0m) [31mrunning validator requests[0m
2023-08-04 20:01:08.847 +0530 [debug] ([34mvalidate.js[0m) [31mrunning validator app-dir[0m
2023-08-04 20:01:08.848 +0530 [debug] ([34mvalidate.js[0m) [31mrunning validator config-dir[0m
2023-08-04 20:01:08.848 +0530 [debug] ([34mconfig-dir.js[0m) [31mChecking to see if /Users/ayeshakulsumsj/Documents/project/marketplace/mp-apps/Untitled/surveysparrow-marketplace-apps/tutorials-apps/first-app/config/ exists.[0m
2023-08-04 20:01:08.848 +0530 [debug] ([34mconfig-dir.js[0m) [31mFetched the following config files iparams.json,oauth_config.json[0m
2023-08-04 20:01:08.848 +0530 [debug] ([34mvalidate.js[0m) [31mrunning validator custom-objects[0m
2023-08-04 20:01:08.848 +0530 [debug] ([34mvalidate.js[0m) [31mrunning validator event[0m
2023-08-04 20:01:08.848 +0530 [debug] ([34mvalidate.js[0m) [31mrunning validator iparam[0m
2023-08-04 20:01:08.849 +0530 [debug] ([34mvalidate.js[0m) [31mrunning validator lint[0m
2023-08-04 20:01:08.849 +0530 [debug] ([34mlint.js[0m) [31mpassed fix flag: undefined[0m
2023-08-04 20:01:08.850 +0530 [debug] ([34mlint.js[0m) [31mRunning the following lints on the file app/scripts/app.js : no-caller,no-process-env,complexity,max-nested-callbacks,handle-callback-err,no-eval,no-alert,no-debugger,no-unreachable,no-unhandled-promise,no-logging-rejections,no-non-client-request-model,no-deprecated-apis,no-proxy-requests,no-cross-scope-assign,no-empty-function,no-unused-vars[0m
2023-08-04 20:01:08.875 +0530 [debug] ([34mvalidate.js[0m) [31mrunning validator manifest[0m
2023-08-04 20:01:08.875 +0530 [debug] ([34mvalidate.js[0m) [31mskipping validator manifest-dependency[0m
2023-08-04 20:01:08.875 +0530 [debug] ([34mvalidate.js[0m) [31mrunning validator oauth[0m
2023-08-04 20:01:08.875 +0530 [debug] ([34mvalidate.js[0m) [31mskipping validator pkgsize[0m
2023-08-04 20:01:08.875 +0530 [debug] ([34mvalidate.js[0m) [31mrunning validator schema[0m
2023-08-04 20:01:08.875 +0530 [debug] ([34mvalidate.js[0m) [31mrunning validator version-check[0m
2023-08-04 20:01:08.877 +0530 [warn] Please ensure that the following are addressed for quick review process:
2023-08-04 20:01:08.877 +0530 [warn] [33m⚠[39m app/scripts/app.js::19: 'client' declared and assigned in different scopes. Possible asynchronous race condition.
2023-08-04 20:01:08.877 +0530 [error] 
2023-08-04 20:01:09.958 +0530 [debug] ([34mwatcher.js[0m) [31mPreparing to watch the following files ./app,./config,./manifest.json[0m
2023-08-04 20:01:09.959 +0530 [debug] ([34mdata.js[0m) [31mRead {"first__101_101_surveysparrow":{"first__101_101_oauth_iparams":{},"first__101_101_oauth_appstate":"f44fa3a3-d6ff-45a0-8219-db6298d10f05"}}[0m
2023-08-04 20:01:09.960 +0530 [debug] ([34mcustom-objects.js[0m) [31mto force or not? undefined[0m
2023-08-04 20:01:09.960 +0530 [debug] ([34mcustom-objects.js[0m) [31mbeginning to re-sync storage[0m
2023-08-04 20:01:10.008 +0530 [debug] ([34mindex.js[0m) [31mloading model at "/Users/ayeshakulsumsj/.nvm/versions/node/v18.16.0/lib/node_modules/ssdk/lib/models/bigint-pivot.js"[0m
2023-08-04 20:01:10.009 +0530 [debug] ([34mindex.js[0m) [31mloading model at "/Users/ayeshakulsumsj/.nvm/versions/node/v18.16.0/lib/node_modules/ssdk/lib/models/entity-field-choice.js"[0m
2023-08-04 20:01:10.010 +0530 [debug] ([34mindex.js[0m) [31mloading model at "/Users/ayeshakulsumsj/.nvm/versions/node/v18.16.0/lib/node_modules/ssdk/lib/models/entity-field.js"[0m
2023-08-04 20:01:10.010 +0530 [debug] ([34mindex.js[0m) [31mloading model at "/Users/ayeshakulsumsj/.nvm/versions/node/v18.16.0/lib/node_modules/ssdk/lib/models/entity.js"[0m
2023-08-04 20:01:10.010 +0530 [debug] ([34mindex.js[0m) [31mloading model at "/Users/ayeshakulsumsj/.nvm/versions/node/v18.16.0/lib/node_modules/ssdk/lib/models/record.js"[0m
2023-08-04 20:01:10.011 +0530 [debug] ([34mindex.js[0m) [31mloading model at "/Users/ayeshakulsumsj/.nvm/versions/node/v18.16.0/lib/node_modules/ssdk/lib/models/string-pivot.js"[0m
2023-08-04 20:01:10.018 +0530 [debug] ([34mdata.js[0m) [31mRead {"first__101_101_surveysparrow":{"first__101_101_oauth_iparams":{},"first__101_101_oauth_appstate":"f44fa3a3-d6ff-45a0-8219-db6298d10f05"}}[0m
2023-08-04 20:01:10.018 +0530 [debug] ([34mcustom-objects.js[0m) [31mupdated local store with latest entity hash[0m
2023-08-04 20:01:10.019 +0530 [info] Starting local testing server at https://*:30001/    
Append 'dev=true' to your Surveysparrow account URL to start testing    
e.g. https://domain.surveysparrow.com/settings/apps-integration?dev=true    
Quit the server with Control-C.
2023-08-04 20:01:10.019 +0530 [info] To test the installation page, visit - https://localhost:30001/custom_configs
2023-08-04 20:01:12.101 +0530 [debug] ([34mcoverage.js[0m) [31mWriting coverage.[0m
2023-08-04 20:01:39.647 +0530 [debug] ([34mdata.js[0m) [31mRead {"first__101_101_surveysparrow":{"first__101_101_oauth_iparams":{},"first__101_101_oauth_appstate":"f44fa3a3-d6ff-45a0-8219-db6298d10f05"}}[0m
2023-08-04 20:01:39.660 +0530 [debug] ([34mdata.js[0m) [31mRead {"first__101_101_surveysparrow":{"first__101_101_oauth_iparams":{},"first__101_101_oauth_appstate":"f44fa3a3-d6ff-45a0-8219-db6298d10f05"}}[0m
2023-08-04 20:02:08.955 +0530 [debug] ([34mwatcher.js[0m) [31mBroadcasted "{"file":"config/oauth_config.json"}" to all listeners.[0m
2023-08-04 20:02:08.978 +0530 [debug] ([34miframe.js[0m) [31mResponding with contents of /index.html[0m
2023-08-04 20:02:09.017 +0530 [debug] ([34miframe.js[0m) [31mResponding with contents of /scripts/app.js[0m
2023-08-04 20:02:09.017 +0530 [debug] ([34mcoverage.js[0m) [31mInstrumenting /Users/ayeshakulsumsj/Documents/project/marketplace/mp-apps/Untitled/surveysparrow-marketplace-apps/tutorials-apps/first-app/app/scripts/app.js[0m
2023-08-04 20:02:11.964 +0530 [debug] ([34mcoverage.js[0m) [31mWriting coverage.[0m
2023-08-04 20:02:12.169 +0530 [info] 
NOTE: We recommend a coverage of 80% for apps that are to be published in the public marketplace.
2023-08-04 20:02:13.891 +0530 [debug] ([34mconfigs.js[0m) [31mloaded default configs as "{"updates":{"manifest_url":"https://ssdk.surveysparrow.dev/assets/ssdk/updates.json","period":24},"log":{"level":"info"},"javascript":{"ecma_version":2020},"request":{"timeout":5000}}"[0m
2023-08-04 20:02:13.892 +0530 [debug] ([34mfile.js[0m) [31mError while requiring /Users/ayeshakulsumsj/.ssdk/configs.json: Cannot find module '/Users/ayeshakulsumsj/.ssdk/configs.json'
Require stack:
- /Users/ayeshakulsumsj/.nvm/versions/node/v18.16.0/lib/node_modules/ssdk/lib/utils/file.js
- /Users/ayeshakulsumsj/.nvm/versions/node/v18.16.0/lib/node_modules/ssdk/lib/configs.js
- /Users/ayeshakulsumsj/.nvm/versions/node/v18.16.0/lib/node_modules/ssdk/lib/logger.js
- /Users/ayeshakulsumsj/.nvm/versions/node/v18.16.0/lib/node_modules/ssdk/index.js[0m
2023-08-04 20:02:13.892 +0530 [debug] ([34mconfigs.js[0m) [31mloaded global configs as "{}"[0m
2023-08-04 20:02:13.893 +0530 [debug] ([34mfile.js[0m) [31mError while requiring /Users/ayeshakulsumsj/Documents/project/marketplace/mp-apps/Untitled/surveysparrow-marketplace-apps/tutorials-apps/first-app/.ssdk/configs.json: Cannot find module '/Users/ayeshakulsumsj/Documents/project/marketplace/mp-apps/Untitled/surveysparrow-marketplace-apps/tutorials-apps/first-app/.ssdk/configs.json'
Require stack:
- /Users/ayeshakulsumsj/.nvm/versions/node/v18.16.0/lib/node_modules/ssdk/lib/utils/file.js
- /Users/ayeshakulsumsj/.nvm/versions/node/v18.16.0/lib/node_modules/ssdk/lib/configs.js
- /Users/ayeshakulsumsj/.nvm/versions/node/v18.16.0/lib/node_modules/ssdk/lib/logger.js
- /Users/ayeshakulsumsj/.nvm/versions/node/v18.16.0/lib/node_modules/ssdk/index.js[0m
2023-08-04 20:02:13.893 +0530 [debug] ([34mconfigs.js[0m) [31mloaded local configs as "{}"[0m
2023-08-04 20:02:13.893 +0530 [debug] ([34mconfigs.js[0m) [31mloaded env configs as "{"updates":{},"log":{},"javascript":{},"request":{"timeout":5000}}"[0m
2023-08-04 20:02:13.893 +0530 [debug] ([34mconfigs.js[0m) [31mloaded resolved configs as "{"updates":{"manifest_url":"https://ssdk.surveysparrow.dev/assets/ssdk/updates.json","period":24},"log":{"level":"info"},"javascript":{"ecma_version":2020},"request":{"timeout":5000}}"[0m
2023-08-04 20:02:13.893 +0530 [debug] ([34mlogger.js[0m) [31mStarting SSDK in node v18.16.0 on darwin[0m
2023-08-04 20:02:13.893 +0530 [debug] ([34msequelize.js[0m) [31msetting up sqilite at "/Users/ayeshakulsumsj/Documents/project/marketplace/mp-apps/Untitled/surveysparrow-marketplace-apps/tutorials-apps/first-app/.ssdk/store.sqlite"[0m
2023-08-04 20:02:13.893 +0530 [debug] ([34mdata.js[0m) [31mRead {"version_details":{"cli":{"deprecated":{"version":"<-0.0.1","message":"This SSDK version will be deprecated by Dec 31, 2023 There will be no further feature updates to this version. For a seamless app building experience, ensure to move to the latest SSDK version. For more information, see https://surveysparrow.dev/ssdk."},"forced":{"version":"0.1.0","command":"npm install https://ssdk.surveysparrow.dev/ssdk.tgz -g","message":"Your SSDK version has been forced updated to v1.3.0, please visit https://surveysparrow.dev/ssdk to know more"},"latest":{"version":"0.1.0","command":"npm install https://ssdk.surveysparrow.dev/ssdk.tgz -g","message":"You are on the latest SSDK version. For information on the features available as part of this SSDK version, see https://surveysparrow.dev/ssdk."}},"addon":{"version":"1.13.1","url":"https://ssdk.surveysparrow.dev/addons/addon.zip"}},"last_updated":{"time_stamp":1691144277320}}[0m
2023-08-04 20:02:13.893 +0530 [debug] ([34mupdater.js[0m) [31mlast check less than 24 hours ago, not looking for updates[0m
2023-08-04 20:02:13.895 +0530 [debug] ([34mindex.js[0m) [31mrunning with opts {}[0m
2023-08-04 20:02:13.991 +0530 [debug] ([34mmanifest.js[0m) [31mReloading manifest with {"platform-version":"1.0","product":{"surveysparrow":{"location":{"new_survey_modal":{"url":"index.html","icon":"styles/images/icon.svg"}}}},"whitelisted-domains":["https://api.surveysparrow.com/v3/questions","https://api.surveysparrow.com/v3/surveys"],"engines":{"node":"18.16.0","ssdk":"0.1.0"}}.[0m
2023-08-04 20:02:13.991 +0530 [debug] ([34mmanifest.js[0m) [31mInferred storage,oauth as features.[0m
2023-08-04 20:02:13.992 +0530 [debug] ([34mdata.js[0m) [31mRead {"version_details":{"cli":{"deprecated":{"version":"<-0.0.1","message":"This SSDK version will be deprecated by Dec 31, 2023 There will be no further feature updates to this version. For a seamless app building experience, ensure to move to the latest SSDK version. For more information, see https://surveysparrow.dev/ssdk."},"forced":{"version":"0.1.0","command":"npm install https://ssdk.surveysparrow.dev/ssdk.tgz -g","message":"Your SSDK version has been forced updated to v1.3.0, please visit https://surveysparrow.dev/ssdk to know more"},"latest":{"version":"0.1.0","command":"npm install https://ssdk.surveysparrow.dev/ssdk.tgz -g","message":"You are on the latest SSDK version. For information on the features available as part of this SSDK version, see https://surveysparrow.dev/ssdk."}},"addon":{"version":"1.13.1","url":"https://ssdk.surveysparrow.dev/addons/addon.zip"}},"last_updated":{"time_stamp":1691144277320}}[0m
2023-08-04 20:02:14.001 +0530 [debug] ([34mdata.js[0m) [31mRead {"version_details":{"cli":{"deprecated":{"version":"<-0.0.1","message":"This SSDK version will be deprecated by Dec 31, 2023 There will be no further feature updates to this version. For a seamless app building experience, ensure to move to the latest SSDK version. For more information, see https://surveysparrow.dev/ssdk."},"forced":{"version":"0.1.0","command":"npm install https://ssdk.surveysparrow.dev/ssdk.tgz -g","message":"Your SSDK version has been forced updated to v1.3.0, please visit https://surveysparrow.dev/ssdk to know more"},"latest":{"version":"0.1.0","command":"npm install https://ssdk.surveysparrow.dev/ssdk.tgz -g","message":"You are on the latest SSDK version. For information on the features available as part of this SSDK version, see https://surveysparrow.dev/ssdk."}},"addon":{"version":"1.13.1","url":"https://ssdk.surveysparrow.dev/addons/addon.zip"}},"last_updated":{"time_stamp":1691144277320}}[0m
2023-08-04 20:02:14.565 +0530 [debug] ([34mdata.js[0m) [31mRead {"version_details":{"cli":{"deprecated":{"version":"<-0.0.1","message":"This SSDK version will be deprecated by Dec 31, 2023 There will be no further feature updates to this version. For a seamless app building experience, ensure to move to the latest SSDK version. For more information, see https://surveysparrow.dev/ssdk."},"forced":{"version":"0.1.0","command":"npm install https://ssdk.surveysparrow.dev/ssdk.tgz -g","message":"Your SSDK version has been forced updated to v1.3.0, please visit https://surveysparrow.dev/ssdk to know more"},"latest":{"version":"0.1.0","command":"npm install https://ssdk.surveysparrow.dev/ssdk.tgz -g","message":"You are on the latest SSDK version. For information on the features available as part of this SSDK version, see https://surveysparrow.dev/ssdk."}},"addon":{"version":"1.13.1","url":"https://ssdk.surveysparrow.dev/addons/addon.zip"}},"last_updated":{"time_stamp":1691144277320}}[0m
2023-08-04 20:02:14.963 +0530 [debug] ([34mvalidate.js[0m) [31masked to skip the following validations, [0m
2023-08-04 20:02:14.963 +0530 [debug] ([34mvalidate.js[0m) [31mrunning validator actions[0m
2023-08-04 20:02:14.964 +0530 [debug] ([34mvalidate.js[0m) [31mrunning validator requests[0m
2023-08-04 20:02:14.964 +0530 [debug] ([34mvalidate.js[0m) [31mrunning validator app-dir[0m
2023-08-04 20:02:14.964 +0530 [debug] ([34mvalidate.js[0m) [31mrunning validator config-dir[0m
2023-08-04 20:02:14.964 +0530 [debug] ([34mconfig-dir.js[0m) [31mChecking to see if /Users/ayeshakulsumsj/Documents/project/marketplace/mp-apps/Untitled/surveysparrow-marketplace-apps/tutorials-apps/first-app/config/ exists.[0m
2023-08-04 20:02:14.964 +0530 [debug] ([34mconfig-dir.js[0m) [31mFetched the following config files iparams.json,oauth_config.json[0m
2023-08-04 20:02:14.964 +0530 [debug] ([34mvalidate.js[0m) [31mrunning validator custom-objects[0m
2023-08-04 20:02:14.964 +0530 [debug] ([34mvalidate.js[0m) [31mrunning validator event[0m
2023-08-04 20:02:14.965 +0530 [debug] ([34mvalidate.js[0m) [31mrunning validator iparam[0m
2023-08-04 20:02:14.966 +0530 [debug] ([34mvalidate.js[0m) [31mrunning validator lint[0m
2023-08-04 20:02:14.966 +0530 [debug] ([34mlint.js[0m) [31mpassed fix flag: undefined[0m
2023-08-04 20:02:14.967 +0530 [debug] ([34mlint.js[0m) [31mRunning the following lints on the file app/scripts/app.js : no-caller,no-process-env,complexity,max-nested-callbacks,handle-callback-err,no-eval,no-alert,no-debugger,no-unreachable,no-unhandled-promise,no-logging-rejections,no-non-client-request-model,no-deprecated-apis,no-proxy-requests,no-cross-scope-assign,no-empty-function,no-unused-vars[0m
2023-08-04 20:02:14.992 +0530 [debug] ([34mvalidate.js[0m) [31mrunning validator manifest[0m
2023-08-04 20:02:14.992 +0530 [debug] ([34mvalidate.js[0m) [31mskipping validator manifest-dependency[0m
2023-08-04 20:02:14.992 +0530 [debug] ([34mvalidate.js[0m) [31mrunning validator oauth[0m
2023-08-04 20:02:14.993 +0530 [debug] ([34mvalidate.js[0m) [31mskipping validator pkgsize[0m
2023-08-04 20:02:14.993 +0530 [debug] ([34mvalidate.js[0m) [31mrunning validator schema[0m
2023-08-04 20:02:14.993 +0530 [debug] ([34mvalidate.js[0m) [31mrunning validator version-check[0m
2023-08-04 20:02:14.995 +0530 [warn] Please ensure that the following are addressed for quick review process:
2023-08-04 20:02:14.995 +0530 [warn] [33m⚠[39m app/scripts/app.js::19: 'client' declared and assigned in different scopes. Possible asynchronous race condition.
2023-08-04 20:02:14.995 +0530 [error] 
2023-08-04 20:02:15.687 +0530 [debug] ([34mwatcher.js[0m) [31mPreparing to watch the following files ./app,./config,./manifest.json[0m
2023-08-04 20:02:15.689 +0530 [debug] ([34mdata.js[0m) [31mRead {"first__101_101_surveysparrow":{"first__101_101_oauth_iparams":{},"first__101_101_oauth_appstate":"f44fa3a3-d6ff-45a0-8219-db6298d10f05"}}[0m
2023-08-04 20:02:15.689 +0530 [debug] ([34mcustom-objects.js[0m) [31mto force or not? undefined[0m
2023-08-04 20:02:15.690 +0530 [debug] ([34mcustom-objects.js[0m) [31mbeginning to re-sync storage[0m
2023-08-04 20:02:15.757 +0530 [debug] ([34mindex.js[0m) [31mloading model at "/Users/ayeshakulsumsj/.nvm/versions/node/v18.16.0/lib/node_modules/ssdk/lib/models/bigint-pivot.js"[0m
2023-08-04 20:02:15.758 +0530 [debug] ([34mindex.js[0m) [31mloading model at "/Users/ayeshakulsumsj/.nvm/versions/node/v18.16.0/lib/node_modules/ssdk/lib/models/entity-field-choice.js"[0m
2023-08-04 20:02:15.758 +0530 [debug] ([34mindex.js[0m) [31mloading model at "/Users/ayeshakulsumsj/.nvm/versions/node/v18.16.0/lib/node_modules/ssdk/lib/models/entity-field.js"[0m
2023-08-04 20:02:15.759 +0530 [debug] ([34mindex.js[0m) [31mloading model at "/Users/ayeshakulsumsj/.nvm/versions/node/v18.16.0/lib/node_modules/ssdk/lib/models/entity.js"[0m
2023-08-04 20:02:15.759 +0530 [debug] ([34mindex.js[0m) [31mloading model at "/Users/ayeshakulsumsj/.nvm/versions/node/v18.16.0/lib/node_modules/ssdk/lib/models/record.js"[0m
2023-08-04 20:02:15.760 +0530 [debug] ([34mindex.js[0m) [31mloading model at "/Users/ayeshakulsumsj/.nvm/versions/node/v18.16.0/lib/node_modules/ssdk/lib/models/string-pivot.js"[0m
2023-08-04 20:02:15.767 +0530 [debug] ([34mdata.js[0m) [31mRead {"first__101_101_surveysparrow":{"first__101_101_oauth_iparams":{},"first__101_101_oauth_appstate":"f44fa3a3-d6ff-45a0-8219-db6298d10f05"}}[0m
2023-08-04 20:02:15.768 +0530 [debug] ([34mcustom-objects.js[0m) [31mupdated local store with latest entity hash[0m
2023-08-04 20:02:15.768 +0530 [info] Starting local testing server at https://*:30001/    
Append 'dev=true' to your Surveysparrow account URL to start testing    
e.g. https://domain.surveysparrow.com/settings/apps-integration?dev=true    
Quit the server with Control-C.
2023-08-04 20:02:15.768 +0530 [info] To test the installation page, visit - https://localhost:30001/custom_configs
2023-08-04 20:02:21.247 +0530 [debug] ([34mdata.js[0m) [31mRead {"first__101_101_surveysparrow":{"first__101_101_oauth_iparams":{},"first__101_101_oauth_appstate":"f44fa3a3-d6ff-45a0-8219-db6298d10f05"}}[0m
2023-08-04 20:02:21.248 +0530 [debug] ([34mdata.js[0m) [31mRead {"first__101_101_surveysparrow":{"first__101_101_oauth_iparams":{},"first__101_101_oauth_appstate":"f44fa3a3-d6ff-45a0-8219-db6298d10f05"}}[0m
2023-08-04 20:02:21.249 +0530 [debug] ([34mdata.js[0m) [31mRead {"first__101_101_surveysparrow":{"first__101_101_oauth_iparams":{},"first__101_101_oauth_appstate":"f44fa3a3-d6ff-45a0-8219-db6298d10f05"}}[0m
2023-08-04 20:02:21.249 +0530 [debug] ([34mdata.js[0m) [31mRead {"first__101_101_surveysparrow":{"first__101_101_oauth_iparams":{},"first__101_101_oauth_appstate":"f44fa3a3-d6ff-45a0-8219-db6298d10f05"}}[0m
2023-08-04 20:02:51.338 +0530 [debug] ([34mdata.js[0m) [31mRead {"first__101_101_surveysparrow":{"first__101_101_oauth_iparams":{},"first__101_101_oauth_appstate":"81ae472a-85fd-4b36-8c8f-5f3eef4b8151"}}[0m
2023-08-04 20:02:51.349 +0530 [debug] ([34mdata.js[0m) [31mRead {"first__101_101_surveysparrow":{"first__101_101_oauth_iparams":{},"first__101_101_oauth_appstate":"81ae472a-85fd-4b36-8c8f-5f3eef4b8151"}}[0m
2023-08-04 20:02:51.350 +0530 [debug] ([34mdata.js[0m) [31mRead {"first__101_101_surveysparrow":{"first__101_101_oauth_iparams":{},"first__101_101_oauth_appstate":"81ae472a-85fd-4b36-8c8f-5f3eef4b8151"}}[0m
2023-08-04 20:02:51.350 +0530 [debug] ([34mdata.js[0m) [31mRead {"first__101_101_surveysparrow":{"first__101_101_oauth_iparams":{},"first__101_101_oauth_appstate":"81ae472a-85fd-4b36-8c8f-5f3eef4b8151"}}[0m
2023-08-04 20:02:51.351 +0530 [debug] ([34mdata.js[0m) [31mRead {"first__101_101_surveysparrow":{"first__101_101_oauth_iparams":{},"first__101_101_oauth_appstate":"81ae472a-85fd-4b36-8c8f-5f3eef4b8151"}}[0m
2023-08-04 20:02:55.800 +0530 [debug] ([34mdata.js[0m) [31mRead {"first__101_101_surveysparrow":{"first__101_101_oauth_iparams":{},"first__101_101_oauth_appstate":"c1d77216-e54d-4ecb-875c-d67f8bd0ee85"}}[0m
2023-08-04 20:02:55.801 +0530 [debug] ([34mdata.js[0m) [31mRead {"first__101_101_surveysparrow":{"first__101_101_oauth_iparams":{},"first__101_101_oauth_appstate":"c1d77216-e54d-4ecb-875c-d67f8bd0ee85"}}[0m
2023-08-04 20:03:03.859 +0530 [debug] ([34mdata.js[0m) [31mRead {"first__101_101_surveysparrow":{"first__101_101_oauth_iparams":{},"first__101_101_oauth_appstate":"c1d77216-e54d-4ecb-875c-d67f8bd0ee85"}}[0m
2023-08-04 20:03:03.861 +0530 [debug] ([34mdata.js[0m) [31mRead {"first__101_101_surveysparrow":{"first__101_101_oauth_iparams":{},"first__101_101_oauth_appstate":"c1d77216-e54d-4ecb-875c-d67f8bd0ee85"}}[0m
