2024-01-29 17:29:50.902 +0530 [debug] ([34mconfigs.js[0m) [31mloaded default configs as "{"updates":{"manifest_url":"https://ssdk.surveysparrow.dev/assets/ssdk/updates.json","period":1},"log":{"level":"info"},"javascript":{"ecma_version":2020},"request":{"timeout":5000}}"[0m
2024-01-29 17:29:50.905 +0530 [debug] ([34mfile.js[0m) [31mError while requiring /Users/naveenrk/.ssdk/configs.json: Cannot find module '/Users/naveenrk/.ssdk/configs.json'
Require stack:
- /Users/naveenrk/.nvm/versions/node/v18.19.0/lib/node_modules/ssdk/lib/utils/file.js
- /Users/naveenrk/.nvm/versions/node/v18.19.0/lib/node_modules/ssdk/lib/configs.js
- /Users/naveenrk/.nvm/versions/node/v18.19.0/lib/node_modules/ssdk/lib/logger.js
- /Users/naveenrk/.nvm/versions/node/v18.19.0/lib/node_modules/ssdk/index.js[0m
2024-01-29 17:29:50.905 +0530 [debug] ([34mconfigs.js[0m) [31mloaded global configs as "{}"[0m
2024-01-29 17:29:50.906 +0530 [debug] ([34mfile.js[0m) [31mError while requiring /Users/naveenrk/Desktop/projects/appnest/tutorials-apps/feature-apps/iparams-apps/brevo_app/.ssdk/configs.json: Cannot find module '/Users/naveenrk/Desktop/projects/appnest/tutorials-apps/feature-apps/iparams-apps/brevo_app/.ssdk/configs.json'
Require stack:
- /Users/naveenrk/.nvm/versions/node/v18.19.0/lib/node_modules/ssdk/lib/utils/file.js
- /Users/naveenrk/.nvm/versions/node/v18.19.0/lib/node_modules/ssdk/lib/configs.js
- /Users/naveenrk/.nvm/versions/node/v18.19.0/lib/node_modules/ssdk/lib/logger.js
- /Users/naveenrk/.nvm/versions/node/v18.19.0/lib/node_modules/ssdk/index.js[0m
2024-01-29 17:29:50.906 +0530 [debug] ([34mconfigs.js[0m) [31mloaded local configs as "{}"[0m
2024-01-29 17:29:50.906 +0530 [debug] ([34mconfigs.js[0m) [31mloaded env configs as "{"updates":{},"log":{},"javascript":{},"request":{"timeout":5000}}"[0m
2024-01-29 17:29:50.906 +0530 [debug] ([34mconfigs.js[0m) [31mloaded resolved configs as "{"updates":{"manifest_url":"https://ssdk.surveysparrow.dev/assets/ssdk/updates.json","period":1},"log":{"level":"info"},"javascript":{"ecma_version":2020},"request":{"timeout":5000}}"[0m
2024-01-29 17:29:50.906 +0530 [debug] ([34mlogger.js[0m) [31mStarting SSDK in node v18.19.0 on darwin[0m
2024-01-29 17:29:50.906 +0530 [debug] ([34msequelize.js[0m) [31msetting up sqilite at "/Users/naveenrk/Desktop/projects/appnest/tutorials-apps/feature-apps/iparams-apps/brevo_app/.ssdk/store.sqlite"[0m
2024-01-29 17:29:50.906 +0530 [debug] ([34mdata.js[0m) [31mRead {"version_details":{"cli":{"deprecated":{"version":"<-0.1.0","message":"This SSDK version will be deprecated by Dec 31, 2024 There will be no further feature updates to this version. For a seamless app building experience, ensure to move to the latest SSDK version. For more information, see https://sdk.surveysparrow.dev/."},"forced":{"version":"0.1.9","command":"npm install https://ssdk.surveysparrow.dev/ssdk.tgz -g","message":"Your SSDK version has been forced updated to v0.1.9, please visit https://sdk.surveysparrow.dev/ to know more"},"latest":{"version":"0.1.9","command":"npm install https://ssdk.surveysparrow.dev/ssdk.tgz -g","message":"You are on the latest SSDK version. For information on the features available as part of this SSDK version, see https://sdk.surveysparrow.dev/."}},"addon":{"version":"1.13.1","url":"https://ssdk.surveysparrow.dev/addons/addon.zip"}},"last_updated":{"time_stamp":1706529255564}}[0m
2024-01-29 17:29:50.906 +0530 [debug] ([34mupdater.js[0m) [31mlast check less than 1 hours ago, not looking for updates[0m
2024-01-29 17:29:50.908 +0530 [debug] ([34mindex.js[0m) [31mrunning with opts {}[0m
2024-01-29 17:29:50.912 +0530 [debug] ([34mdata.js[0m) [31mRead {"version_details":{"cli":{"deprecated":{"version":"<-0.1.0","message":"This SSDK version will be deprecated by Dec 31, 2024 There will be no further feature updates to this version. For a seamless app building experience, ensure to move to the latest SSDK version. For more information, see https://sdk.surveysparrow.dev/."},"forced":{"version":"0.1.9","command":"npm install https://ssdk.surveysparrow.dev/ssdk.tgz -g","message":"Your SSDK version has been forced updated to v0.1.9, please visit https://sdk.surveysparrow.dev/ to know more"},"latest":{"version":"0.1.9","command":"npm install https://ssdk.surveysparrow.dev/ssdk.tgz -g","message":"You are on the latest SSDK version. For information on the features available as part of this SSDK version, see https://sdk.surveysparrow.dev/."}},"addon":{"version":"1.13.1","url":"https://ssdk.surveysparrow.dev/addons/addon.zip"}},"last_updated":{"time_stamp":1706529255564}}[0m
2024-01-29 17:29:50.913 +0530 [debug] ([34mcreate.js[0m) [31m'init' called with /Users/naveenrk/Desktop/projects/appnest/tutorials-apps/feature-apps/iparams-apps/brevo_app, undefined, undefined[0m
2024-01-29 17:30:01.756 +0530 [debug] ([34mcreate.js[0m) [31mInitializing template "your_first_serverless_app" with product "surveysparrow".[0m
2024-01-29 17:30:01.767 +0530 [info] A new Surveysparrow app was successfully created from template "your_first_serverless_app" with the following files.

